<?xml version="1.0" encoding="UTF-8"?>
<!-- Generated by org.testng.reporters.JUnitXMLReporter -->
<testsuite ignored="0" hostname="MaiSherif" failures="0" tests="3" name="Test3" time="80.955" errors="0" timestamp="2022-12-29T11:51:26 EET">
  <testcase classname="tests.ApprovePendingCreatedTask" name="LoginSuccessfullysuppervisor2" time="9.328"/>
  <testcase classname="tests.ApprovePendingCreatedTask" name="Assigntaskbyserverprovider" time="71.571"/>
  <testcase classname="tests.ApprovePendingCreatedTask" name="logout" time="0.015"/>
</testsuite> <!-- Test3 -->
