<?xml version="1.0" encoding="UTF-8"?>
<testsuite xmlns:xsi="http://www.w3.org/2001/XMLSchema-instance" xsi:noNamespaceSchemaLocation="https://maven.apache.org/surefire/maven-surefire-plugin/xsd/surefire-test-report-3.0.xsd" version="3.0" name="TestSuite" time="298.492" tests="32" errors="0" skipped="0" failures="24">
  <properties>
[...]
</properties>
  <testcase name="LoginSuccessfullyQA" classname="ProjectsTests.DirectAssignmentTest" time="7.315">
    <system-err><![CDATA[SLF4J: Failed to load class "org.slf4j.impl.StaticLoggerBinder".
SLF4J: Defaulting to no-operation (NOP) logger implementation
SLF4J: See http://www.slf4j.org/codes.html#StaticLoggerBinder for further details.
1694685524448	geckodriver	INFO	Listening on 127.0.0.1:61281
1694685524714	mozrunner::runner	INFO	Running command: "C:\\Program Files\\Mozilla Firefox\\firefox.exe" "--marionette" "--remote-debugging-port" "58710" "--remote-allow-hosts" "localhost" "-no-remote" "-profile" "C:\\Users\\CodeLab\\AppData\\Local\\Temp\\rust_mozprofilelVqkcR"
console.warn: services.settings: Ignoring preference override of remote settings server
console.warn: services.settings: Allow by setting MOZ_REMOTE_SETTINGS_DEVTOOLS=1 in the environment
1694685524978	Marionette	INFO	Marionette enabled
Dynamically enable window occlusion 0
1694685525033	Marionette	INFO	Listening on port 59453
WebDriver BiDi listening on ws://127.0.0.1:58710
Read port: 59453
1694685525293	RemoteAgent	WARN	TLS certificate errors will be ignored for this session
DevTools listening on ws://127.0.0.1:58710/devtools/browser/729ec8de-b4ed-4e77-8b8d-954897b6e5b5
Sep 14, 2023 11:58:46 AM org.openqa.selenium.remote.ProtocolHandshake createSession
INFO: Detected dialect: W3C
console.warn: LoginRecipes: "Falling back to a synchronous message for: https://es-dev.infath.sa."
]]></system-err>
  </testcase>
  <testcase name="QASelectProject" classname="ProjectsTests.DirectAssignmentTest" time="6.759">
    <failure message="Failed to decode response from marionette&#10;Build info: version: &apos;4.1.4&apos;, revision: &apos;535d840ee2&apos;&#10;System info: host: &apos;MAISHERIF&apos;, ip: &apos;192.168.1.11&apos;, os.name: &apos;Windows 10&apos;, os.arch: &apos;amd64&apos;, os.version: &apos;10.0&apos;, java.version: &apos;17.0.5&apos;&#10;Driver info: org.openqa.selenium.firefox.FirefoxDriver&#10;Command: [dd9f22a1-6484-413b-b4e7-fbdc2ea55c23, isElementDisplayed {id=d123d99f-cfe3-4231-9edb-fd33f801c83c}]&#10;Capabilities {acceptInsecureCerts: true, browserName: firefox, browserVersion: 117.0.1, javascriptEnabled: true, moz:accessibilityChecks: false, moz:buildID: 20230912013654, moz:debuggerAddress: 127.0.0.1:58710, moz:geckodriverVersion: 0.33.0, moz:headless: false, moz:platformVersion: 10.0, moz:processID: 20984, moz:profile: C:\Users\CodeLab\AppData\Lo..., moz:shutdownTimeout: 60000, moz:webdriverClick: true, moz:windowless: false, pageLoadStrategy: normal, platform: WINDOWS, platformName: WINDOWS, proxy: Proxy(), se:cdp: ws://127.0.0.1:58710/devtoo..., se:cdpVersion: 85.0, setWindowRect: true, strictFileInteractability: false, timeouts: {implicit: 0, pageLoad: 300000, script: 30000}, unhandledPromptBehavior: dismiss and notify}&#10;Element: [[FirefoxDriver: firefox on WINDOWS (dd9f22a1-6484-413b-b4e7-fbdc2ea55c23)] -&gt; xpath: //*[@id=&apos;$b3&apos;]/div/a[3]/div/img]&#10;Session ID: dd9f22a1-6484-413b-b4e7-fbdc2ea55c23" type="org.openqa.selenium.WebDriverException"><![CDATA[org.openqa.selenium.WebDriverException: 
Failed to decode response from marionette
Build info: version: '4.1.4', revision: '535d840ee2'
System info: host: 'MAISHERIF', ip: '192.168.1.11', os.name: 'Windows 10', os.arch: 'amd64', os.version: '10.0', java.version: '17.0.5'
Driver info: org.openqa.selenium.firefox.FirefoxDriver
Command: [dd9f22a1-6484-413b-b4e7-fbdc2ea55c23, isElementDisplayed {id=d123d99f-cfe3-4231-9edb-fd33f801c83c}]
Capabilities {acceptInsecureCerts: true, browserName: firefox, browserVersion: 117.0.1, javascriptEnabled: true, moz:accessibilityChecks: false, moz:buildID: 20230912013654, moz:debuggerAddress: 127.0.0.1:58710, moz:geckodriverVersion: 0.33.0, moz:headless: false, moz:platformVersion: 10.0, moz:processID: 20984, moz:profile: C:\Users\CodeLab\AppData\Lo..., moz:shutdownTimeout: 60000, moz:webdriverClick: true, moz:windowless: false, pageLoadStrategy: normal, platform: WINDOWS, platformName: WINDOWS, proxy: Proxy(), se:cdp: ws://127.0.0.1:58710/devtoo..., se:cdpVersion: 85.0, setWindowRect: true, strictFileInteractability: false, timeouts: {implicit: 0, pageLoad: 300000, script: 30000}, unhandledPromptBehavior: dismiss and notify}
Element: [[FirefoxDriver: firefox on WINDOWS (dd9f22a1-6484-413b-b4e7-fbdc2ea55c23)] -> xpath: //*[@id='$b3']/div/a[3]/div/img]
Session ID: dd9f22a1-6484-413b-b4e7-fbdc2ea55c23
	at ProjectsTests.DirectAssignmentTest.QASelectProject(DirectAssignmentTest.java:63)
]]></failure>
    <system-err><![CDATA[console.warn: LoginRecipes: "Falling back to a synchronous message for: https://es-dev.infath.sa."
1694685545351	Marionette	INFO	Stopped listening on port 59453
Dynamically enable window occlusion 1
]]></system-err>
  </testcase>
  <testcase name="AssignSP" classname="ProjectsTests.DirectAssignmentTest" time="0">
    <failure message="Tried to run command without establishing a connection&#10;Build info: version: &apos;4.1.4&apos;, revision: &apos;535d840ee2&apos;&#10;System info: host: &apos;MAISHERIF&apos;, ip: &apos;192.168.1.11&apos;, os.name: &apos;Windows 10&apos;, os.arch: &apos;amd64&apos;, os.version: &apos;10.0&apos;, java.version: &apos;17.0.5&apos;&#10;Driver info: org.openqa.selenium.firefox.FirefoxDriver&#10;Command: [dd9f22a1-6484-413b-b4e7-fbdc2ea55c23, findElement {using=xpath, value=//div[@id=&apos;b4-b6-Title&apos;]}]&#10;Capabilities {acceptInsecureCerts: true, browserName: firefox, browserVersion: 117.0.1, javascriptEnabled: true, moz:accessibilityChecks: false, moz:buildID: 20230912013654, moz:debuggerAddress: 127.0.0.1:58710, moz:geckodriverVersion: 0.33.0, moz:headless: false, moz:platformVersion: 10.0, moz:processID: 20984, moz:profile: C:\Users\CodeLab\AppData\Lo..., moz:shutdownTimeout: 60000, moz:webdriverClick: true, moz:windowless: false, pageLoadStrategy: normal, platform: WINDOWS, platformName: WINDOWS, proxy: Proxy(), se:cdp: ws://127.0.0.1:58710/devtoo..., se:cdpVersion: 85.0, setWindowRect: true, strictFileInteractability: false, timeouts: {implicit: 0, pageLoad: 300000, script: 30000}, unhandledPromptBehavior: dismiss and notify}&#10;Session ID: dd9f22a1-6484-413b-b4e7-fbdc2ea55c23" type="org.openqa.selenium.NoSuchSessionException"><![CDATA[org.openqa.selenium.NoSuchSessionException: 
Tried to run command without establishing a connection
Build info: version: '4.1.4', revision: '535d840ee2'
System info: host: 'MAISHERIF', ip: '192.168.1.11', os.name: 'Windows 10', os.arch: 'amd64', os.version: '10.0', java.version: '17.0.5'
Driver info: org.openqa.selenium.firefox.FirefoxDriver
Command: [dd9f22a1-6484-413b-b4e7-fbdc2ea55c23, findElement {using=xpath, value=//div[@id='b4-b6-Title']}]
Capabilities {acceptInsecureCerts: true, browserName: firefox, browserVersion: 117.0.1, javascriptEnabled: true, moz:accessibilityChecks: false, moz:buildID: 20230912013654, moz:debuggerAddress: 127.0.0.1:58710, moz:geckodriverVersion: 0.33.0, moz:headless: false, moz:platformVersion: 10.0, moz:processID: 20984, moz:profile: C:\Users\CodeLab\AppData\Lo..., moz:shutdownTimeout: 60000, moz:webdriverClick: true, moz:windowless: false, pageLoadStrategy: normal, platform: WINDOWS, platformName: WINDOWS, proxy: Proxy(), se:cdp: ws://127.0.0.1:58710/devtoo..., se:cdpVersion: 85.0, setWindowRect: true, strictFileInteractability: false, timeouts: {implicit: 0, pageLoad: 300000, script: 30000}, unhandledPromptBehavior: dismiss and notify}
Session ID: dd9f22a1-6484-413b-b4e7-fbdc2ea55c23
	at ProjectsTests.DirectAssignmentTest.AssignSP(DirectAssignmentTest.java:70)
]]></failure>
  </testcase>
  <testcase name="QALogout" classname="ProjectsTests.DirectAssignmentTest" time="0.002">
    <failure message="Tried to run command without establishing a connection&#10;Build info: version: &apos;4.1.4&apos;, revision: &apos;535d840ee2&apos;&#10;System info: host: &apos;MAISHERIF&apos;, ip: &apos;192.168.1.11&apos;, os.name: &apos;Windows 10&apos;, os.arch: &apos;amd64&apos;, os.version: &apos;10.0&apos;, java.version: &apos;17.0.5&apos;&#10;Driver info: org.openqa.selenium.firefox.FirefoxDriver&#10;Command: [dd9f22a1-6484-413b-b4e7-fbdc2ea55c23, findElement {using=xpath, value=//*[@id=&apos;b2-b3-Icon3&apos;]}]&#10;Capabilities {acceptInsecureCerts: true, browserName: firefox, browserVersion: 117.0.1, javascriptEnabled: true, moz:accessibilityChecks: false, moz:buildID: 20230912013654, moz:debuggerAddress: 127.0.0.1:58710, moz:geckodriverVersion: 0.33.0, moz:headless: false, moz:platformVersion: 10.0, moz:processID: 20984, moz:profile: C:\Users\CodeLab\AppData\Lo..., moz:shutdownTimeout: 60000, moz:webdriverClick: true, moz:windowless: false, pageLoadStrategy: normal, platform: WINDOWS, platformName: WINDOWS, proxy: Proxy(), se:cdp: ws://127.0.0.1:58710/devtoo..., se:cdpVersion: 85.0, setWindowRect: true, strictFileInteractability: false, timeouts: {implicit: 0, pageLoad: 300000, script: 30000}, unhandledPromptBehavior: dismiss and notify}&#10;Session ID: dd9f22a1-6484-413b-b4e7-fbdc2ea55c23" type="org.openqa.selenium.NoSuchSessionException"><![CDATA[org.openqa.selenium.NoSuchSessionException: 
Tried to run command without establishing a connection
Build info: version: '4.1.4', revision: '535d840ee2'
System info: host: 'MAISHERIF', ip: '192.168.1.11', os.name: 'Windows 10', os.arch: 'amd64', os.version: '10.0', java.version: '17.0.5'
Driver info: org.openqa.selenium.firefox.FirefoxDriver
Command: [dd9f22a1-6484-413b-b4e7-fbdc2ea55c23, findElement {using=xpath, value=//*[@id='b2-b3-Icon3']}]
Capabilities {acceptInsecureCerts: true, browserName: firefox, browserVersion: 117.0.1, javascriptEnabled: true, moz:accessibilityChecks: false, moz:buildID: 20230912013654, moz:debuggerAddress: 127.0.0.1:58710, moz:geckodriverVersion: 0.33.0, moz:headless: false, moz:platformVersion: 10.0, moz:processID: 20984, moz:profile: C:\Users\CodeLab\AppData\Lo..., moz:shutdownTimeout: 60000, moz:webdriverClick: true, moz:windowless: false, pageLoadStrategy: normal, platform: WINDOWS, platformName: WINDOWS, proxy: Proxy(), se:cdp: ws://127.0.0.1:58710/devtoo..., se:cdpVersion: 85.0, setWindowRect: true, strictFileInteractability: false, timeouts: {implicit: 0, pageLoad: 300000, script: 30000}, unhandledPromptBehavior: dismiss and notify}
Session ID: dd9f22a1-6484-413b-b4e7-fbdc2ea55c23
	at ProjectsTests.DirectAssignmentTest.QALogout(DirectAssignmentTest.java:78)
]]></failure>
  </testcase>
  <testcase name="LoginSuccessfullyMember" classname="ProjectsTests.DirectAssignmentTest" time="0.003">
    <failure message="Tried to run command without establishing a connection&#10;Build info: version: &apos;4.1.4&apos;, revision: &apos;535d840ee2&apos;&#10;System info: host: &apos;MAISHERIF&apos;, ip: &apos;192.168.1.11&apos;, os.name: &apos;Windows 10&apos;, os.arch: &apos;amd64&apos;, os.version: &apos;10.0&apos;, java.version: &apos;17.0.5&apos;&#10;Driver info: org.openqa.selenium.firefox.FirefoxDriver&#10;Command: [dd9f22a1-6484-413b-b4e7-fbdc2ea55c23, setTimeout {implicit=20000}]&#10;Capabilities {acceptInsecureCerts: true, browserName: firefox, browserVersion: 117.0.1, javascriptEnabled: true, moz:accessibilityChecks: false, moz:buildID: 20230912013654, moz:debuggerAddress: 127.0.0.1:58710, moz:geckodriverVersion: 0.33.0, moz:headless: false, moz:platformVersion: 10.0, moz:processID: 20984, moz:profile: C:\Users\CodeLab\AppData\Lo..., moz:shutdownTimeout: 60000, moz:webdriverClick: true, moz:windowless: false, pageLoadStrategy: normal, platform: WINDOWS, platformName: WINDOWS, proxy: Proxy(), se:cdp: ws://127.0.0.1:58710/devtoo..., se:cdpVersion: 85.0, setWindowRect: true, strictFileInteractability: false, timeouts: {implicit: 0, pageLoad: 300000, script: 30000}, unhandledPromptBehavior: dismiss and notify}&#10;Session ID: dd9f22a1-6484-413b-b4e7-fbdc2ea55c23" type="org.openqa.selenium.NoSuchSessionException"><![CDATA[org.openqa.selenium.NoSuchSessionException: 
Tried to run command without establishing a connection
Build info: version: '4.1.4', revision: '535d840ee2'
System info: host: 'MAISHERIF', ip: '192.168.1.11', os.name: 'Windows 10', os.arch: 'amd64', os.version: '10.0', java.version: '17.0.5'
Driver info: org.openqa.selenium.firefox.FirefoxDriver
Command: [dd9f22a1-6484-413b-b4e7-fbdc2ea55c23, setTimeout {implicit=20000}]
Capabilities {acceptInsecureCerts: true, browserName: firefox, browserVersion: 117.0.1, javascriptEnabled: true, moz:accessibilityChecks: false, moz:buildID: 20230912013654, moz:debuggerAddress: 127.0.0.1:58710, moz:geckodriverVersion: 0.33.0, moz:headless: false, moz:platformVersion: 10.0, moz:processID: 20984, moz:profile: C:\Users\CodeLab\AppData\Lo..., moz:shutdownTimeout: 60000, moz:webdriverClick: true, moz:windowless: false, pageLoadStrategy: normal, platform: WINDOWS, platformName: WINDOWS, proxy: Proxy(), se:cdp: ws://127.0.0.1:58710/devtoo..., se:cdpVersion: 85.0, setWindowRect: true, strictFileInteractability: false, timeouts: {implicit: 0, pageLoad: 300000, script: 30000}, unhandledPromptBehavior: dismiss and notify}
Session ID: dd9f22a1-6484-413b-b4e7-fbdc2ea55c23
	at ProjectsTests.DirectAssignmentTest.LoginSuccessfullyMember(DirectAssignmentTest.java:85)
]]></failure>
  </testcase>
  <testcase name="MemberSelectProject" classname="ProjectsTests.DirectAssignmentTest" time="2.017">
    <failure message="Tried to run command without establishing a connection&#10;Build info: version: &apos;4.1.4&apos;, revision: &apos;535d840ee2&apos;&#10;System info: host: &apos;MAISHERIF&apos;, ip: &apos;192.168.1.11&apos;, os.name: &apos;Windows 10&apos;, os.arch: &apos;amd64&apos;, os.version: &apos;10.0&apos;, java.version: &apos;17.0.5&apos;&#10;Driver info: org.openqa.selenium.firefox.FirefoxDriver&#10;Command: [dd9f22a1-6484-413b-b4e7-fbdc2ea55c23, findElement {using=xpath, value=//*[@id=&apos;$b3&apos;]/div/a[2]/div}]&#10;Capabilities {acceptInsecureCerts: true, browserName: firefox, browserVersion: 117.0.1, javascriptEnabled: true, moz:accessibilityChecks: false, moz:buildID: 20230912013654, moz:debuggerAddress: 127.0.0.1:58710, moz:geckodriverVersion: 0.33.0, moz:headless: false, moz:platformVersion: 10.0, moz:processID: 20984, moz:profile: C:\Users\CodeLab\AppData\Lo..., moz:shutdownTimeout: 60000, moz:webdriverClick: true, moz:windowless: false, pageLoadStrategy: normal, platform: WINDOWS, platformName: WINDOWS, proxy: Proxy(), se:cdp: ws://127.0.0.1:58710/devtoo..., se:cdpVersion: 85.0, setWindowRect: true, strictFileInteractability: false, timeouts: {implicit: 0, pageLoad: 300000, script: 30000}, unhandledPromptBehavior: dismiss and notify}&#10;Session ID: dd9f22a1-6484-413b-b4e7-fbdc2ea55c23" type="org.openqa.selenium.NoSuchSessionException"><![CDATA[org.openqa.selenium.NoSuchSessionException: 
Tried to run command without establishing a connection
Build info: version: '4.1.4', revision: '535d840ee2'
System info: host: 'MAISHERIF', ip: '192.168.1.11', os.name: 'Windows 10', os.arch: 'amd64', os.version: '10.0', java.version: '17.0.5'
Driver info: org.openqa.selenium.firefox.FirefoxDriver
Command: [dd9f22a1-6484-413b-b4e7-fbdc2ea55c23, findElement {using=xpath, value=//*[@id='$b3']/div/a[2]/div}]
Capabilities {acceptInsecureCerts: true, browserName: firefox, browserVersion: 117.0.1, javascriptEnabled: true, moz:accessibilityChecks: false, moz:buildID: 20230912013654, moz:debuggerAddress: 127.0.0.1:58710, moz:geckodriverVersion: 0.33.0, moz:headless: false, moz:platformVersion: 10.0, moz:processID: 20984, moz:profile: C:\Users\CodeLab\AppData\Lo..., moz:shutdownTimeout: 60000, moz:webdriverClick: true, moz:windowless: false, pageLoadStrategy: normal, platform: WINDOWS, platformName: WINDOWS, proxy: Proxy(), se:cdp: ws://127.0.0.1:58710/devtoo..., se:cdpVersion: 85.0, setWindowRect: true, strictFileInteractability: false, timeouts: {implicit: 0, pageLoad: 300000, script: 30000}, unhandledPromptBehavior: dismiss and notify}
Session ID: dd9f22a1-6484-413b-b4e7-fbdc2ea55c23
	at ProjectsTests.DirectAssignmentTest.MemberSelectProject(DirectAssignmentTest.java:92)
]]></failure>
  </testcase>
  <testcase name="SendRecommendation" classname="ProjectsTests.DirectAssignmentTest" time="0.005">
    <failure message="Tried to run command without establishing a connection&#10;Build info: version: &apos;4.1.4&apos;, revision: &apos;535d840ee2&apos;&#10;System info: host: &apos;MAISHERIF&apos;, ip: &apos;192.168.1.11&apos;, os.name: &apos;Windows 10&apos;, os.arch: &apos;amd64&apos;, os.version: &apos;10.0&apos;, java.version: &apos;17.0.5&apos;&#10;Driver info: org.openqa.selenium.firefox.FirefoxDriver&#10;Command: [dd9f22a1-6484-413b-b4e7-fbdc2ea55c23, findElement {using=xpath, value=//div[@id=&apos;b4-b6-Title&apos;]}]&#10;Capabilities {acceptInsecureCerts: true, browserName: firefox, browserVersion: 117.0.1, javascriptEnabled: true, moz:accessibilityChecks: false, moz:buildID: 20230912013654, moz:debuggerAddress: 127.0.0.1:58710, moz:geckodriverVersion: 0.33.0, moz:headless: false, moz:platformVersion: 10.0, moz:processID: 20984, moz:profile: C:\Users\CodeLab\AppData\Lo..., moz:shutdownTimeout: 60000, moz:webdriverClick: true, moz:windowless: false, pageLoadStrategy: normal, platform: WINDOWS, platformName: WINDOWS, proxy: Proxy(), se:cdp: ws://127.0.0.1:58710/devtoo..., se:cdpVersion: 85.0, setWindowRect: true, strictFileInteractability: false, timeouts: {implicit: 0, pageLoad: 300000, script: 30000}, unhandledPromptBehavior: dismiss and notify}&#10;Session ID: dd9f22a1-6484-413b-b4e7-fbdc2ea55c23" type="org.openqa.selenium.NoSuchSessionException"><![CDATA[org.openqa.selenium.NoSuchSessionException: 
Tried to run command without establishing a connection
Build info: version: '4.1.4', revision: '535d840ee2'
System info: host: 'MAISHERIF', ip: '192.168.1.11', os.name: 'Windows 10', os.arch: 'amd64', os.version: '10.0', java.version: '17.0.5'
Driver info: org.openqa.selenium.firefox.FirefoxDriver
Command: [dd9f22a1-6484-413b-b4e7-fbdc2ea55c23, findElement {using=xpath, value=//div[@id='b4-b6-Title']}]
Capabilities {acceptInsecureCerts: true, browserName: firefox, browserVersion: 117.0.1, javascriptEnabled: true, moz:accessibilityChecks: false, moz:buildID: 20230912013654, moz:debuggerAddress: 127.0.0.1:58710, moz:geckodriverVersion: 0.33.0, moz:headless: false, moz:platformVersion: 10.0, moz:processID: 20984, moz:profile: C:\Users\CodeLab\AppData\Lo..., moz:shutdownTimeout: 60000, moz:webdriverClick: true, moz:windowless: false, pageLoadStrategy: normal, platform: WINDOWS, platformName: WINDOWS, proxy: Proxy(), se:cdp: ws://127.0.0.1:58710/devtoo..., se:cdpVersion: 85.0, setWindowRect: true, strictFileInteractability: false, timeouts: {implicit: 0, pageLoad: 300000, script: 30000}, unhandledPromptBehavior: dismiss and notify}
Session ID: dd9f22a1-6484-413b-b4e7-fbdc2ea55c23
	at ProjectsTests.DirectAssignmentTest.SendRecommendation(DirectAssignmentTest.java:100)
]]></failure>
  </testcase>
  <testcase name="MemberLogout" classname="ProjectsTests.DirectAssignmentTest" time="0.003">
    <failure message="Tried to run command without establishing a connection&#10;Build info: version: &apos;4.1.4&apos;, revision: &apos;535d840ee2&apos;&#10;System info: host: &apos;MAISHERIF&apos;, ip: &apos;192.168.1.11&apos;, os.name: &apos;Windows 10&apos;, os.arch: &apos;amd64&apos;, os.version: &apos;10.0&apos;, java.version: &apos;17.0.5&apos;&#10;Driver info: org.openqa.selenium.firefox.FirefoxDriver&#10;Command: [dd9f22a1-6484-413b-b4e7-fbdc2ea55c23, findElement {using=xpath, value=//*[@id=&apos;b2-b3-Icon3&apos;]}]&#10;Capabilities {acceptInsecureCerts: true, browserName: firefox, browserVersion: 117.0.1, javascriptEnabled: true, moz:accessibilityChecks: false, moz:buildID: 20230912013654, moz:debuggerAddress: 127.0.0.1:58710, moz:geckodriverVersion: 0.33.0, moz:headless: false, moz:platformVersion: 10.0, moz:processID: 20984, moz:profile: C:\Users\CodeLab\AppData\Lo..., moz:shutdownTimeout: 60000, moz:webdriverClick: true, moz:windowless: false, pageLoadStrategy: normal, platform: WINDOWS, platformName: WINDOWS, proxy: Proxy(), se:cdp: ws://127.0.0.1:58710/devtoo..., se:cdpVersion: 85.0, setWindowRect: true, strictFileInteractability: false, timeouts: {implicit: 0, pageLoad: 300000, script: 30000}, unhandledPromptBehavior: dismiss and notify}&#10;Session ID: dd9f22a1-6484-413b-b4e7-fbdc2ea55c23" type="org.openqa.selenium.NoSuchSessionException"><![CDATA[org.openqa.selenium.NoSuchSessionException: 
Tried to run command without establishing a connection
Build info: version: '4.1.4', revision: '535d840ee2'
System info: host: 'MAISHERIF', ip: '192.168.1.11', os.name: 'Windows 10', os.arch: 'amd64', os.version: '10.0', java.version: '17.0.5'
Driver info: org.openqa.selenium.firefox.FirefoxDriver
Command: [dd9f22a1-6484-413b-b4e7-fbdc2ea55c23, findElement {using=xpath, value=//*[@id='b2-b3-Icon3']}]
Capabilities {acceptInsecureCerts: true, browserName: firefox, browserVersion: 117.0.1, javascriptEnabled: true, moz:accessibilityChecks: false, moz:buildID: 20230912013654, moz:debuggerAddress: 127.0.0.1:58710, moz:geckodriverVersion: 0.33.0, moz:headless: false, moz:platformVersion: 10.0, moz:processID: 20984, moz:profile: C:\Users\CodeLab\AppData\Lo..., moz:shutdownTimeout: 60000, moz:webdriverClick: true, moz:windowless: false, pageLoadStrategy: normal, platform: WINDOWS, platformName: WINDOWS, proxy: Proxy(), se:cdp: ws://127.0.0.1:58710/devtoo..., se:cdpVersion: 85.0, setWindowRect: true, strictFileInteractability: false, timeouts: {implicit: 0, pageLoad: 300000, script: 30000}, unhandledPromptBehavior: dismiss and notify}
Session ID: dd9f22a1-6484-413b-b4e7-fbdc2ea55c23
	at ProjectsTests.DirectAssignmentTest.MemberLogout(DirectAssignmentTest.java:108)
]]></failure>
  </testcase>
  <testcase name="LoginSuccessfullyMember2" classname="ProjectsTests.DirectAssignmentTest" time="0.004">
    <failure message="Tried to run command without establishing a connection&#10;Build info: version: &apos;4.1.4&apos;, revision: &apos;535d840ee2&apos;&#10;System info: host: &apos;MAISHERIF&apos;, ip: &apos;192.168.1.11&apos;, os.name: &apos;Windows 10&apos;, os.arch: &apos;amd64&apos;, os.version: &apos;10.0&apos;, java.version: &apos;17.0.5&apos;&#10;Driver info: org.openqa.selenium.firefox.FirefoxDriver&#10;Command: [dd9f22a1-6484-413b-b4e7-fbdc2ea55c23, setTimeout {implicit=20000}]&#10;Capabilities {acceptInsecureCerts: true, browserName: firefox, browserVersion: 117.0.1, javascriptEnabled: true, moz:accessibilityChecks: false, moz:buildID: 20230912013654, moz:debuggerAddress: 127.0.0.1:58710, moz:geckodriverVersion: 0.33.0, moz:headless: false, moz:platformVersion: 10.0, moz:processID: 20984, moz:profile: C:\Users\CodeLab\AppData\Lo..., moz:shutdownTimeout: 60000, moz:webdriverClick: true, moz:windowless: false, pageLoadStrategy: normal, platform: WINDOWS, platformName: WINDOWS, proxy: Proxy(), se:cdp: ws://127.0.0.1:58710/devtoo..., se:cdpVersion: 85.0, setWindowRect: true, strictFileInteractability: false, timeouts: {implicit: 0, pageLoad: 300000, script: 30000}, unhandledPromptBehavior: dismiss and notify}&#10;Session ID: dd9f22a1-6484-413b-b4e7-fbdc2ea55c23" type="org.openqa.selenium.NoSuchSessionException"><![CDATA[org.openqa.selenium.NoSuchSessionException: 
Tried to run command without establishing a connection
Build info: version: '4.1.4', revision: '535d840ee2'
System info: host: 'MAISHERIF', ip: '192.168.1.11', os.name: 'Windows 10', os.arch: 'amd64', os.version: '10.0', java.version: '17.0.5'
Driver info: org.openqa.selenium.firefox.FirefoxDriver
Command: [dd9f22a1-6484-413b-b4e7-fbdc2ea55c23, setTimeout {implicit=20000}]
Capabilities {acceptInsecureCerts: true, browserName: firefox, browserVersion: 117.0.1, javascriptEnabled: true, moz:accessibilityChecks: false, moz:buildID: 20230912013654, moz:debuggerAddress: 127.0.0.1:58710, moz:geckodriverVersion: 0.33.0, moz:headless: false, moz:platformVersion: 10.0, moz:processID: 20984, moz:profile: C:\Users\CodeLab\AppData\Lo..., moz:shutdownTimeout: 60000, moz:webdriverClick: true, moz:windowless: false, pageLoadStrategy: normal, platform: WINDOWS, platformName: WINDOWS, proxy: Proxy(), se:cdp: ws://127.0.0.1:58710/devtoo..., se:cdpVersion: 85.0, setWindowRect: true, strictFileInteractability: false, timeouts: {implicit: 0, pageLoad: 300000, script: 30000}, unhandledPromptBehavior: dismiss and notify}
Session ID: dd9f22a1-6484-413b-b4e7-fbdc2ea55c23
	at ProjectsTests.DirectAssignmentTest.LoginSuccessfullyMember2(DirectAssignmentTest.java:115)
]]></failure>
  </testcase>
  <testcase name="MemberSelectProject2" classname="ProjectsTests.DirectAssignmentTest" time="2.012">
    <failure message="Tried to run command without establishing a connection&#10;Build info: version: &apos;4.1.4&apos;, revision: &apos;535d840ee2&apos;&#10;System info: host: &apos;MAISHERIF&apos;, ip: &apos;192.168.1.11&apos;, os.name: &apos;Windows 10&apos;, os.arch: &apos;amd64&apos;, os.version: &apos;10.0&apos;, java.version: &apos;17.0.5&apos;&#10;Driver info: org.openqa.selenium.firefox.FirefoxDriver&#10;Command: [dd9f22a1-6484-413b-b4e7-fbdc2ea55c23, findElement {using=xpath, value=//*[@id=&apos;$b3&apos;]/div/a[2]/div}]&#10;Capabilities {acceptInsecureCerts: true, browserName: firefox, browserVersion: 117.0.1, javascriptEnabled: true, moz:accessibilityChecks: false, moz:buildID: 20230912013654, moz:debuggerAddress: 127.0.0.1:58710, moz:geckodriverVersion: 0.33.0, moz:headless: false, moz:platformVersion: 10.0, moz:processID: 20984, moz:profile: C:\Users\CodeLab\AppData\Lo..., moz:shutdownTimeout: 60000, moz:webdriverClick: true, moz:windowless: false, pageLoadStrategy: normal, platform: WINDOWS, platformName: WINDOWS, proxy: Proxy(), se:cdp: ws://127.0.0.1:58710/devtoo..., se:cdpVersion: 85.0, setWindowRect: true, strictFileInteractability: false, timeouts: {implicit: 0, pageLoad: 300000, script: 30000}, unhandledPromptBehavior: dismiss and notify}&#10;Session ID: dd9f22a1-6484-413b-b4e7-fbdc2ea55c23" type="org.openqa.selenium.NoSuchSessionException"><![CDATA[org.openqa.selenium.NoSuchSessionException: 
Tried to run command without establishing a connection
Build info: version: '4.1.4', revision: '535d840ee2'
System info: host: 'MAISHERIF', ip: '192.168.1.11', os.name: 'Windows 10', os.arch: 'amd64', os.version: '10.0', java.version: '17.0.5'
Driver info: org.openqa.selenium.firefox.FirefoxDriver
Command: [dd9f22a1-6484-413b-b4e7-fbdc2ea55c23, findElement {using=xpath, value=//*[@id='$b3']/div/a[2]/div}]
Capabilities {acceptInsecureCerts: true, browserName: firefox, browserVersion: 117.0.1, javascriptEnabled: true, moz:accessibilityChecks: false, moz:buildID: 20230912013654, moz:debuggerAddress: 127.0.0.1:58710, moz:geckodriverVersion: 0.33.0, moz:headless: false, moz:platformVersion: 10.0, moz:processID: 20984, moz:profile: C:\Users\CodeLab\AppData\Lo..., moz:shutdownTimeout: 60000, moz:webdriverClick: true, moz:windowless: false, pageLoadStrategy: normal, platform: WINDOWS, platformName: WINDOWS, proxy: Proxy(), se:cdp: ws://127.0.0.1:58710/devtoo..., se:cdpVersion: 85.0, setWindowRect: true, strictFileInteractability: false, timeouts: {implicit: 0, pageLoad: 300000, script: 30000}, unhandledPromptBehavior: dismiss and notify}
Session ID: dd9f22a1-6484-413b-b4e7-fbdc2ea55c23
	at ProjectsTests.DirectAssignmentTest.MemberSelectProject2(DirectAssignmentTest.java:122)
]]></failure>
  </testcase>
  <testcase name="MemberSendRecommendation2" classname="ProjectsTests.DirectAssignmentTest" time="0.004">
    <failure message="Tried to run command without establishing a connection&#10;Build info: version: &apos;4.1.4&apos;, revision: &apos;535d840ee2&apos;&#10;System info: host: &apos;MAISHERIF&apos;, ip: &apos;192.168.1.11&apos;, os.name: &apos;Windows 10&apos;, os.arch: &apos;amd64&apos;, os.version: &apos;10.0&apos;, java.version: &apos;17.0.5&apos;&#10;Driver info: org.openqa.selenium.firefox.FirefoxDriver&#10;Command: [dd9f22a1-6484-413b-b4e7-fbdc2ea55c23, findElement {using=xpath, value=//div[@id=&apos;b4-b6-Title&apos;]}]&#10;Capabilities {acceptInsecureCerts: true, browserName: firefox, browserVersion: 117.0.1, javascriptEnabled: true, moz:accessibilityChecks: false, moz:buildID: 20230912013654, moz:debuggerAddress: 127.0.0.1:58710, moz:geckodriverVersion: 0.33.0, moz:headless: false, moz:platformVersion: 10.0, moz:processID: 20984, moz:profile: C:\Users\CodeLab\AppData\Lo..., moz:shutdownTimeout: 60000, moz:webdriverClick: true, moz:windowless: false, pageLoadStrategy: normal, platform: WINDOWS, platformName: WINDOWS, proxy: Proxy(), se:cdp: ws://127.0.0.1:58710/devtoo..., se:cdpVersion: 85.0, setWindowRect: true, strictFileInteractability: false, timeouts: {implicit: 0, pageLoad: 300000, script: 30000}, unhandledPromptBehavior: dismiss and notify}&#10;Session ID: dd9f22a1-6484-413b-b4e7-fbdc2ea55c23" type="org.openqa.selenium.NoSuchSessionException"><![CDATA[org.openqa.selenium.NoSuchSessionException: 
Tried to run command without establishing a connection
Build info: version: '4.1.4', revision: '535d840ee2'
System info: host: 'MAISHERIF', ip: '192.168.1.11', os.name: 'Windows 10', os.arch: 'amd64', os.version: '10.0', java.version: '17.0.5'
Driver info: org.openqa.selenium.firefox.FirefoxDriver
Command: [dd9f22a1-6484-413b-b4e7-fbdc2ea55c23, findElement {using=xpath, value=//div[@id='b4-b6-Title']}]
Capabilities {acceptInsecureCerts: true, browserName: firefox, browserVersion: 117.0.1, javascriptEnabled: true, moz:accessibilityChecks: false, moz:buildID: 20230912013654, moz:debuggerAddress: 127.0.0.1:58710, moz:geckodriverVersion: 0.33.0, moz:headless: false, moz:platformVersion: 10.0, moz:processID: 20984, moz:profile: C:\Users\CodeLab\AppData\Lo..., moz:shutdownTimeout: 60000, moz:webdriverClick: true, moz:windowless: false, pageLoadStrategy: normal, platform: WINDOWS, platformName: WINDOWS, proxy: Proxy(), se:cdp: ws://127.0.0.1:58710/devtoo..., se:cdpVersion: 85.0, setWindowRect: true, strictFileInteractability: false, timeouts: {implicit: 0, pageLoad: 300000, script: 30000}, unhandledPromptBehavior: dismiss and notify}
Session ID: dd9f22a1-6484-413b-b4e7-fbdc2ea55c23
	at ProjectsTests.DirectAssignmentTest.MemberSendRecommendation2(DirectAssignmentTest.java:130)
]]></failure>
  </testcase>
  <testcase name="MemberLogout2" classname="ProjectsTests.DirectAssignmentTest" time="0.003">
    <failure message="Tried to run command without establishing a connection&#10;Build info: version: &apos;4.1.4&apos;, revision: &apos;535d840ee2&apos;&#10;System info: host: &apos;MAISHERIF&apos;, ip: &apos;192.168.1.11&apos;, os.name: &apos;Windows 10&apos;, os.arch: &apos;amd64&apos;, os.version: &apos;10.0&apos;, java.version: &apos;17.0.5&apos;&#10;Driver info: org.openqa.selenium.firefox.FirefoxDriver&#10;Command: [dd9f22a1-6484-413b-b4e7-fbdc2ea55c23, findElement {using=xpath, value=//*[@id=&apos;b2-b3-Icon3&apos;]}]&#10;Capabilities {acceptInsecureCerts: true, browserName: firefox, browserVersion: 117.0.1, javascriptEnabled: true, moz:accessibilityChecks: false, moz:buildID: 20230912013654, moz:debuggerAddress: 127.0.0.1:58710, moz:geckodriverVersion: 0.33.0, moz:headless: false, moz:platformVersion: 10.0, moz:processID: 20984, moz:profile: C:\Users\CodeLab\AppData\Lo..., moz:shutdownTimeout: 60000, moz:webdriverClick: true, moz:windowless: false, pageLoadStrategy: normal, platform: WINDOWS, platformName: WINDOWS, proxy: Proxy(), se:cdp: ws://127.0.0.1:58710/devtoo..., se:cdpVersion: 85.0, setWindowRect: true, strictFileInteractability: false, timeouts: {implicit: 0, pageLoad: 300000, script: 30000}, unhandledPromptBehavior: dismiss and notify}&#10;Session ID: dd9f22a1-6484-413b-b4e7-fbdc2ea55c23" type="org.openqa.selenium.NoSuchSessionException"><![CDATA[org.openqa.selenium.NoSuchSessionException: 
Tried to run command without establishing a connection
Build info: version: '4.1.4', revision: '535d840ee2'
System info: host: 'MAISHERIF', ip: '192.168.1.11', os.name: 'Windows 10', os.arch: 'amd64', os.version: '10.0', java.version: '17.0.5'
Driver info: org.openqa.selenium.firefox.FirefoxDriver
Command: [dd9f22a1-6484-413b-b4e7-fbdc2ea55c23, findElement {using=xpath, value=//*[@id='b2-b3-Icon3']}]
Capabilities {acceptInsecureCerts: true, browserName: firefox, browserVersion: 117.0.1, javascriptEnabled: true, moz:accessibilityChecks: false, moz:buildID: 20230912013654, moz:debuggerAddress: 127.0.0.1:58710, moz:geckodriverVersion: 0.33.0, moz:headless: false, moz:platformVersion: 10.0, moz:processID: 20984, moz:profile: C:\Users\CodeLab\AppData\Lo..., moz:shutdownTimeout: 60000, moz:webdriverClick: true, moz:windowless: false, pageLoadStrategy: normal, platform: WINDOWS, platformName: WINDOWS, proxy: Proxy(), se:cdp: ws://127.0.0.1:58710/devtoo..., se:cdpVersion: 85.0, setWindowRect: true, strictFileInteractability: false, timeouts: {implicit: 0, pageLoad: 300000, script: 30000}, unhandledPromptBehavior: dismiss and notify}
Session ID: dd9f22a1-6484-413b-b4e7-fbdc2ea55c23
	at ProjectsTests.DirectAssignmentTest.MemberLogout2(DirectAssignmentTest.java:138)
]]></failure>
  </testcase>
  <testcase name="LoginSuccessfullyComitteeHead" classname="ProjectsTests.DirectAssignmentTest" time="0.004">
    <failure message="Tried to run command without establishing a connection&#10;Build info: version: &apos;4.1.4&apos;, revision: &apos;535d840ee2&apos;&#10;System info: host: &apos;MAISHERIF&apos;, ip: &apos;192.168.1.11&apos;, os.name: &apos;Windows 10&apos;, os.arch: &apos;amd64&apos;, os.version: &apos;10.0&apos;, java.version: &apos;17.0.5&apos;&#10;Driver info: org.openqa.selenium.firefox.FirefoxDriver&#10;Command: [dd9f22a1-6484-413b-b4e7-fbdc2ea55c23, setTimeout {implicit=20000}]&#10;Capabilities {acceptInsecureCerts: true, browserName: firefox, browserVersion: 117.0.1, javascriptEnabled: true, moz:accessibilityChecks: false, moz:buildID: 20230912013654, moz:debuggerAddress: 127.0.0.1:58710, moz:geckodriverVersion: 0.33.0, moz:headless: false, moz:platformVersion: 10.0, moz:processID: 20984, moz:profile: C:\Users\CodeLab\AppData\Lo..., moz:shutdownTimeout: 60000, moz:webdriverClick: true, moz:windowless: false, pageLoadStrategy: normal, platform: WINDOWS, platformName: WINDOWS, proxy: Proxy(), se:cdp: ws://127.0.0.1:58710/devtoo..., se:cdpVersion: 85.0, setWindowRect: true, strictFileInteractability: false, timeouts: {implicit: 0, pageLoad: 300000, script: 30000}, unhandledPromptBehavior: dismiss and notify}&#10;Session ID: dd9f22a1-6484-413b-b4e7-fbdc2ea55c23" type="org.openqa.selenium.NoSuchSessionException"><![CDATA[org.openqa.selenium.NoSuchSessionException: 
Tried to run command without establishing a connection
Build info: version: '4.1.4', revision: '535d840ee2'
System info: host: 'MAISHERIF', ip: '192.168.1.11', os.name: 'Windows 10', os.arch: 'amd64', os.version: '10.0', java.version: '17.0.5'
Driver info: org.openqa.selenium.firefox.FirefoxDriver
Command: [dd9f22a1-6484-413b-b4e7-fbdc2ea55c23, setTimeout {implicit=20000}]
Capabilities {acceptInsecureCerts: true, browserName: firefox, browserVersion: 117.0.1, javascriptEnabled: true, moz:accessibilityChecks: false, moz:buildID: 20230912013654, moz:debuggerAddress: 127.0.0.1:58710, moz:geckodriverVersion: 0.33.0, moz:headless: false, moz:platformVersion: 10.0, moz:processID: 20984, moz:profile: C:\Users\CodeLab\AppData\Lo..., moz:shutdownTimeout: 60000, moz:webdriverClick: true, moz:windowless: false, pageLoadStrategy: normal, platform: WINDOWS, platformName: WINDOWS, proxy: Proxy(), se:cdp: ws://127.0.0.1:58710/devtoo..., se:cdpVersion: 85.0, setWindowRect: true, strictFileInteractability: false, timeouts: {implicit: 0, pageLoad: 300000, script: 30000}, unhandledPromptBehavior: dismiss and notify}
Session ID: dd9f22a1-6484-413b-b4e7-fbdc2ea55c23
	at ProjectsTests.DirectAssignmentTest.LoginSuccessfullyComitteeHead(DirectAssignmentTest.java:145)
]]></failure>
  </testcase>
  <testcase name="HeadOpenProject" classname="ProjectsTests.DirectAssignmentTest" time="2.016">
    <failure message="Tried to run command without establishing a connection&#10;Build info: version: &apos;4.1.4&apos;, revision: &apos;535d840ee2&apos;&#10;System info: host: &apos;MAISHERIF&apos;, ip: &apos;192.168.1.11&apos;, os.name: &apos;Windows 10&apos;, os.arch: &apos;amd64&apos;, os.version: &apos;10.0&apos;, java.version: &apos;17.0.5&apos;&#10;Driver info: org.openqa.selenium.firefox.FirefoxDriver&#10;Command: [dd9f22a1-6484-413b-b4e7-fbdc2ea55c23, findElement {using=xpath, value=//*[@id=&apos;$b3&apos;]/div/a[2]/div}]&#10;Capabilities {acceptInsecureCerts: true, browserName: firefox, browserVersion: 117.0.1, javascriptEnabled: true, moz:accessibilityChecks: false, moz:buildID: 20230912013654, moz:debuggerAddress: 127.0.0.1:58710, moz:geckodriverVersion: 0.33.0, moz:headless: false, moz:platformVersion: 10.0, moz:processID: 20984, moz:profile: C:\Users\CodeLab\AppData\Lo..., moz:shutdownTimeout: 60000, moz:webdriverClick: true, moz:windowless: false, pageLoadStrategy: normal, platform: WINDOWS, platformName: WINDOWS, proxy: Proxy(), se:cdp: ws://127.0.0.1:58710/devtoo..., se:cdpVersion: 85.0, setWindowRect: true, strictFileInteractability: false, timeouts: {implicit: 0, pageLoad: 300000, script: 30000}, unhandledPromptBehavior: dismiss and notify}&#10;Session ID: dd9f22a1-6484-413b-b4e7-fbdc2ea55c23" type="org.openqa.selenium.NoSuchSessionException"><![CDATA[org.openqa.selenium.NoSuchSessionException: 
Tried to run command without establishing a connection
Build info: version: '4.1.4', revision: '535d840ee2'
System info: host: 'MAISHERIF', ip: '192.168.1.11', os.name: 'Windows 10', os.arch: 'amd64', os.version: '10.0', java.version: '17.0.5'
Driver info: org.openqa.selenium.firefox.FirefoxDriver
Command: [dd9f22a1-6484-413b-b4e7-fbdc2ea55c23, findElement {using=xpath, value=//*[@id='$b3']/div/a[2]/div}]
Capabilities {acceptInsecureCerts: true, browserName: firefox, browserVersion: 117.0.1, javascriptEnabled: true, moz:accessibilityChecks: false, moz:buildID: 20230912013654, moz:debuggerAddress: 127.0.0.1:58710, moz:geckodriverVersion: 0.33.0, moz:headless: false, moz:platformVersion: 10.0, moz:processID: 20984, moz:profile: C:\Users\CodeLab\AppData\Lo..., moz:shutdownTimeout: 60000, moz:webdriverClick: true, moz:windowless: false, pageLoadStrategy: normal, platform: WINDOWS, platformName: WINDOWS, proxy: Proxy(), se:cdp: ws://127.0.0.1:58710/devtoo..., se:cdpVersion: 85.0, setWindowRect: true, strictFileInteractability: false, timeouts: {implicit: 0, pageLoad: 300000, script: 30000}, unhandledPromptBehavior: dismiss and notify}
Session ID: dd9f22a1-6484-413b-b4e7-fbdc2ea55c23
	at ProjectsTests.DirectAssignmentTest.HeadOpenProject(DirectAssignmentTest.java:155)
]]></failure>
  </testcase>
  <testcase name="HeadApprove" classname="ProjectsTests.DirectAssignmentTest" time="0.005">
    <failure message="Tried to run command without establishing a connection&#10;Build info: version: &apos;4.1.4&apos;, revision: &apos;535d840ee2&apos;&#10;System info: host: &apos;MAISHERIF&apos;, ip: &apos;192.168.1.11&apos;, os.name: &apos;Windows 10&apos;, os.arch: &apos;amd64&apos;, os.version: &apos;10.0&apos;, java.version: &apos;17.0.5&apos;&#10;Driver info: org.openqa.selenium.firefox.FirefoxDriver&#10;Command: [dd9f22a1-6484-413b-b4e7-fbdc2ea55c23, findElement {using=xpath, value=//button[@id=&apos;b4-b24-b5-Btn_CommittyHeadApprove&apos;]}]&#10;Capabilities {acceptInsecureCerts: true, browserName: firefox, browserVersion: 117.0.1, javascriptEnabled: true, moz:accessibilityChecks: false, moz:buildID: 20230912013654, moz:debuggerAddress: 127.0.0.1:58710, moz:geckodriverVersion: 0.33.0, moz:headless: false, moz:platformVersion: 10.0, moz:processID: 20984, moz:profile: C:\Users\CodeLab\AppData\Lo..., moz:shutdownTimeout: 60000, moz:webdriverClick: true, moz:windowless: false, pageLoadStrategy: normal, platform: WINDOWS, platformName: WINDOWS, proxy: Proxy(), se:cdp: ws://127.0.0.1:58710/devtoo..., se:cdpVersion: 85.0, setWindowRect: true, strictFileInteractability: false, timeouts: {implicit: 0, pageLoad: 300000, script: 30000}, unhandledPromptBehavior: dismiss and notify}&#10;Session ID: dd9f22a1-6484-413b-b4e7-fbdc2ea55c23" type="org.openqa.selenium.NoSuchSessionException"><![CDATA[org.openqa.selenium.NoSuchSessionException: 
Tried to run command without establishing a connection
Build info: version: '4.1.4', revision: '535d840ee2'
System info: host: 'MAISHERIF', ip: '192.168.1.11', os.name: 'Windows 10', os.arch: 'amd64', os.version: '10.0', java.version: '17.0.5'
Driver info: org.openqa.selenium.firefox.FirefoxDriver
Command: [dd9f22a1-6484-413b-b4e7-fbdc2ea55c23, findElement {using=xpath, value=//button[@id='b4-b24-b5-Btn_CommittyHeadApprove']}]
Capabilities {acceptInsecureCerts: true, browserName: firefox, browserVersion: 117.0.1, javascriptEnabled: true, moz:accessibilityChecks: false, moz:buildID: 20230912013654, moz:debuggerAddress: 127.0.0.1:58710, moz:geckodriverVersion: 0.33.0, moz:headless: false, moz:platformVersion: 10.0, moz:processID: 20984, moz:profile: C:\Users\CodeLab\AppData\Lo..., moz:shutdownTimeout: 60000, moz:webdriverClick: true, moz:windowless: false, pageLoadStrategy: normal, platform: WINDOWS, platformName: WINDOWS, proxy: Proxy(), se:cdp: ws://127.0.0.1:58710/devtoo..., se:cdpVersion: 85.0, setWindowRect: true, strictFileInteractability: false, timeouts: {implicit: 0, pageLoad: 300000, script: 30000}, unhandledPromptBehavior: dismiss and notify}
Session ID: dd9f22a1-6484-413b-b4e7-fbdc2ea55c23
	at ProjectsTests.DirectAssignmentTest.HeadApprove(DirectAssignmentTest.java:164)
]]></failure>
  </testcase>
  <testcase name="HeadLogout" classname="ProjectsTests.DirectAssignmentTest" time="0.004">
    <failure message="Tried to run command without establishing a connection&#10;Build info: version: &apos;4.1.4&apos;, revision: &apos;535d840ee2&apos;&#10;System info: host: &apos;MAISHERIF&apos;, ip: &apos;192.168.1.11&apos;, os.name: &apos;Windows 10&apos;, os.arch: &apos;amd64&apos;, os.version: &apos;10.0&apos;, java.version: &apos;17.0.5&apos;&#10;Driver info: org.openqa.selenium.firefox.FirefoxDriver&#10;Command: [dd9f22a1-6484-413b-b4e7-fbdc2ea55c23, findElement {using=xpath, value=//*[@id=&apos;b2-b3-Icon3&apos;]}]&#10;Capabilities {acceptInsecureCerts: true, browserName: firefox, browserVersion: 117.0.1, javascriptEnabled: true, moz:accessibilityChecks: false, moz:buildID: 20230912013654, moz:debuggerAddress: 127.0.0.1:58710, moz:geckodriverVersion: 0.33.0, moz:headless: false, moz:platformVersion: 10.0, moz:processID: 20984, moz:profile: C:\Users\CodeLab\AppData\Lo..., moz:shutdownTimeout: 60000, moz:webdriverClick: true, moz:windowless: false, pageLoadStrategy: normal, platform: WINDOWS, platformName: WINDOWS, proxy: Proxy(), se:cdp: ws://127.0.0.1:58710/devtoo..., se:cdpVersion: 85.0, setWindowRect: true, strictFileInteractability: false, timeouts: {implicit: 0, pageLoad: 300000, script: 30000}, unhandledPromptBehavior: dismiss and notify}&#10;Session ID: dd9f22a1-6484-413b-b4e7-fbdc2ea55c23" type="org.openqa.selenium.NoSuchSessionException"><![CDATA[org.openqa.selenium.NoSuchSessionException: 
Tried to run command without establishing a connection
Build info: version: '4.1.4', revision: '535d840ee2'
System info: host: 'MAISHERIF', ip: '192.168.1.11', os.name: 'Windows 10', os.arch: 'amd64', os.version: '10.0', java.version: '17.0.5'
Driver info: org.openqa.selenium.firefox.FirefoxDriver
Command: [dd9f22a1-6484-413b-b4e7-fbdc2ea55c23, findElement {using=xpath, value=//*[@id='b2-b3-Icon3']}]
Capabilities {acceptInsecureCerts: true, browserName: firefox, browserVersion: 117.0.1, javascriptEnabled: true, moz:accessibilityChecks: false, moz:buildID: 20230912013654, moz:debuggerAddress: 127.0.0.1:58710, moz:geckodriverVersion: 0.33.0, moz:headless: false, moz:platformVersion: 10.0, moz:processID: 20984, moz:profile: C:\Users\CodeLab\AppData\Lo..., moz:shutdownTimeout: 60000, moz:webdriverClick: true, moz:windowless: false, pageLoadStrategy: normal, platform: WINDOWS, platformName: WINDOWS, proxy: Proxy(), se:cdp: ws://127.0.0.1:58710/devtoo..., se:cdpVersion: 85.0, setWindowRect: true, strictFileInteractability: false, timeouts: {implicit: 0, pageLoad: 300000, script: 30000}, unhandledPromptBehavior: dismiss and notify}
Session ID: dd9f22a1-6484-413b-b4e7-fbdc2ea55c23
	at ProjectsTests.DirectAssignmentTest.HeadLogout(DirectAssignmentTest.java:172)
]]></failure>
  </testcase>
  <testcase name="LoginSuccessfullyCEO" classname="ProjectsTests.DirectAssignmentTest" time="0.003">
    <failure message="Tried to run command without establishing a connection&#10;Build info: version: &apos;4.1.4&apos;, revision: &apos;535d840ee2&apos;&#10;System info: host: &apos;MAISHERIF&apos;, ip: &apos;192.168.1.11&apos;, os.name: &apos;Windows 10&apos;, os.arch: &apos;amd64&apos;, os.version: &apos;10.0&apos;, java.version: &apos;17.0.5&apos;&#10;Driver info: org.openqa.selenium.firefox.FirefoxDriver&#10;Command: [dd9f22a1-6484-413b-b4e7-fbdc2ea55c23, setTimeout {implicit=20000}]&#10;Capabilities {acceptInsecureCerts: true, browserName: firefox, browserVersion: 117.0.1, javascriptEnabled: true, moz:accessibilityChecks: false, moz:buildID: 20230912013654, moz:debuggerAddress: 127.0.0.1:58710, moz:geckodriverVersion: 0.33.0, moz:headless: false, moz:platformVersion: 10.0, moz:processID: 20984, moz:profile: C:\Users\CodeLab\AppData\Lo..., moz:shutdownTimeout: 60000, moz:webdriverClick: true, moz:windowless: false, pageLoadStrategy: normal, platform: WINDOWS, platformName: WINDOWS, proxy: Proxy(), se:cdp: ws://127.0.0.1:58710/devtoo..., se:cdpVersion: 85.0, setWindowRect: true, strictFileInteractability: false, timeouts: {implicit: 0, pageLoad: 300000, script: 30000}, unhandledPromptBehavior: dismiss and notify}&#10;Session ID: dd9f22a1-6484-413b-b4e7-fbdc2ea55c23" type="org.openqa.selenium.NoSuchSessionException"><![CDATA[org.openqa.selenium.NoSuchSessionException: 
Tried to run command without establishing a connection
Build info: version: '4.1.4', revision: '535d840ee2'
System info: host: 'MAISHERIF', ip: '192.168.1.11', os.name: 'Windows 10', os.arch: 'amd64', os.version: '10.0', java.version: '17.0.5'
Driver info: org.openqa.selenium.firefox.FirefoxDriver
Command: [dd9f22a1-6484-413b-b4e7-fbdc2ea55c23, setTimeout {implicit=20000}]
Capabilities {acceptInsecureCerts: true, browserName: firefox, browserVersion: 117.0.1, javascriptEnabled: true, moz:accessibilityChecks: false, moz:buildID: 20230912013654, moz:debuggerAddress: 127.0.0.1:58710, moz:geckodriverVersion: 0.33.0, moz:headless: false, moz:platformVersion: 10.0, moz:processID: 20984, moz:profile: C:\Users\CodeLab\AppData\Lo..., moz:shutdownTimeout: 60000, moz:webdriverClick: true, moz:windowless: false, pageLoadStrategy: normal, platform: WINDOWS, platformName: WINDOWS, proxy: Proxy(), se:cdp: ws://127.0.0.1:58710/devtoo..., se:cdpVersion: 85.0, setWindowRect: true, strictFileInteractability: false, timeouts: {implicit: 0, pageLoad: 300000, script: 30000}, unhandledPromptBehavior: dismiss and notify}
Session ID: dd9f22a1-6484-413b-b4e7-fbdc2ea55c23
	at ProjectsTests.DirectAssignmentTest.LoginSuccessfullyCEO(DirectAssignmentTest.java:179)
]]></failure>
  </testcase>
  <testcase name="CEPOpenProject" classname="ProjectsTests.DirectAssignmentTest" time="2.02">
    <failure message="Tried to run command without establishing a connection&#10;Build info: version: &apos;4.1.4&apos;, revision: &apos;535d840ee2&apos;&#10;System info: host: &apos;MAISHERIF&apos;, ip: &apos;192.168.1.11&apos;, os.name: &apos;Windows 10&apos;, os.arch: &apos;amd64&apos;, os.version: &apos;10.0&apos;, java.version: &apos;17.0.5&apos;&#10;Driver info: org.openqa.selenium.firefox.FirefoxDriver&#10;Command: [dd9f22a1-6484-413b-b4e7-fbdc2ea55c23, findElement {using=xpath, value=//*//*[@id=&quot;$b3&quot;]/div/a[3]/div/span}]&#10;Capabilities {acceptInsecureCerts: true, browserName: firefox, browserVersion: 117.0.1, javascriptEnabled: true, moz:accessibilityChecks: false, moz:buildID: 20230912013654, moz:debuggerAddress: 127.0.0.1:58710, moz:geckodriverVersion: 0.33.0, moz:headless: false, moz:platformVersion: 10.0, moz:processID: 20984, moz:profile: C:\Users\CodeLab\AppData\Lo..., moz:shutdownTimeout: 60000, moz:webdriverClick: true, moz:windowless: false, pageLoadStrategy: normal, platform: WINDOWS, platformName: WINDOWS, proxy: Proxy(), se:cdp: ws://127.0.0.1:58710/devtoo..., se:cdpVersion: 85.0, setWindowRect: true, strictFileInteractability: false, timeouts: {implicit: 0, pageLoad: 300000, script: 30000}, unhandledPromptBehavior: dismiss and notify}&#10;Session ID: dd9f22a1-6484-413b-b4e7-fbdc2ea55c23" type="org.openqa.selenium.NoSuchSessionException"><![CDATA[org.openqa.selenium.NoSuchSessionException: 
Tried to run command without establishing a connection
Build info: version: '4.1.4', revision: '535d840ee2'
System info: host: 'MAISHERIF', ip: '192.168.1.11', os.name: 'Windows 10', os.arch: 'amd64', os.version: '10.0', java.version: '17.0.5'
Driver info: org.openqa.selenium.firefox.FirefoxDriver
Command: [dd9f22a1-6484-413b-b4e7-fbdc2ea55c23, findElement {using=xpath, value=//*//*[@id="$b3"]/div/a[3]/div/span}]
Capabilities {acceptInsecureCerts: true, browserName: firefox, browserVersion: 117.0.1, javascriptEnabled: true, moz:accessibilityChecks: false, moz:buildID: 20230912013654, moz:debuggerAddress: 127.0.0.1:58710, moz:geckodriverVersion: 0.33.0, moz:headless: false, moz:platformVersion: 10.0, moz:processID: 20984, moz:profile: C:\Users\CodeLab\AppData\Lo..., moz:shutdownTimeout: 60000, moz:webdriverClick: true, moz:windowless: false, pageLoadStrategy: normal, platform: WINDOWS, platformName: WINDOWS, proxy: Proxy(), se:cdp: ws://127.0.0.1:58710/devtoo..., se:cdpVersion: 85.0, setWindowRect: true, strictFileInteractability: false, timeouts: {implicit: 0, pageLoad: 300000, script: 30000}, unhandledPromptBehavior: dismiss and notify}
Session ID: dd9f22a1-6484-413b-b4e7-fbdc2ea55c23
	at ProjectsTests.DirectAssignmentTest.CEPOpenProject(DirectAssignmentTest.java:187)
]]></failure>
  </testcase>
  <testcase name="CEOApprove" classname="ProjectsTests.DirectAssignmentTest" time="0.004">
    <failure message="Tried to run command without establishing a connection&#10;Build info: version: &apos;4.1.4&apos;, revision: &apos;535d840ee2&apos;&#10;System info: host: &apos;MAISHERIF&apos;, ip: &apos;192.168.1.11&apos;, os.name: &apos;Windows 10&apos;, os.arch: &apos;amd64&apos;, os.version: &apos;10.0&apos;, java.version: &apos;17.0.5&apos;&#10;Driver info: org.openqa.selenium.firefox.FirefoxDriver&#10;Command: [dd9f22a1-6484-413b-b4e7-fbdc2ea55c23, findElement {using=xpath, value=//button[@id=&apos;b4-b24-b5-Btn_CEOApprove&apos;]}]&#10;Capabilities {acceptInsecureCerts: true, browserName: firefox, browserVersion: 117.0.1, javascriptEnabled: true, moz:accessibilityChecks: false, moz:buildID: 20230912013654, moz:debuggerAddress: 127.0.0.1:58710, moz:geckodriverVersion: 0.33.0, moz:headless: false, moz:platformVersion: 10.0, moz:processID: 20984, moz:profile: C:\Users\CodeLab\AppData\Lo..., moz:shutdownTimeout: 60000, moz:webdriverClick: true, moz:windowless: false, pageLoadStrategy: normal, platform: WINDOWS, platformName: WINDOWS, proxy: Proxy(), se:cdp: ws://127.0.0.1:58710/devtoo..., se:cdpVersion: 85.0, setWindowRect: true, strictFileInteractability: false, timeouts: {implicit: 0, pageLoad: 300000, script: 30000}, unhandledPromptBehavior: dismiss and notify}&#10;Session ID: dd9f22a1-6484-413b-b4e7-fbdc2ea55c23" type="org.openqa.selenium.NoSuchSessionException"><![CDATA[org.openqa.selenium.NoSuchSessionException: 
Tried to run command without establishing a connection
Build info: version: '4.1.4', revision: '535d840ee2'
System info: host: 'MAISHERIF', ip: '192.168.1.11', os.name: 'Windows 10', os.arch: 'amd64', os.version: '10.0', java.version: '17.0.5'
Driver info: org.openqa.selenium.firefox.FirefoxDriver
Command: [dd9f22a1-6484-413b-b4e7-fbdc2ea55c23, findElement {using=xpath, value=//button[@id='b4-b24-b5-Btn_CEOApprove']}]
Capabilities {acceptInsecureCerts: true, browserName: firefox, browserVersion: 117.0.1, javascriptEnabled: true, moz:accessibilityChecks: false, moz:buildID: 20230912013654, moz:debuggerAddress: 127.0.0.1:58710, moz:geckodriverVersion: 0.33.0, moz:headless: false, moz:platformVersion: 10.0, moz:processID: 20984, moz:profile: C:\Users\CodeLab\AppData\Lo..., moz:shutdownTimeout: 60000, moz:webdriverClick: true, moz:windowless: false, pageLoadStrategy: normal, platform: WINDOWS, platformName: WINDOWS, proxy: Proxy(), se:cdp: ws://127.0.0.1:58710/devtoo..., se:cdpVersion: 85.0, setWindowRect: true, strictFileInteractability: false, timeouts: {implicit: 0, pageLoad: 300000, script: 30000}, unhandledPromptBehavior: dismiss and notify}
Session ID: dd9f22a1-6484-413b-b4e7-fbdc2ea55c23
	at ProjectsTests.DirectAssignmentTest.CEOApprove(DirectAssignmentTest.java:196)
]]></failure>
  </testcase>
  <testcase name="SPLogin" classname="ProjectsTests.SPApproveAssigningTest" time="4.778">
    <system-err><![CDATA[1694685554429	geckodriver	INFO	Listening on 127.0.0.1:58617
1694685554488	mozrunner::runner	INFO	Running command: "C:\\Program Files\\Mozilla Firefox\\firefox.exe" "--marionette" "--remote-debugging-port" "65199" "--remote-allow-hosts" "localhost" "-no-remote" "-profile" "C:\\Users\\CodeLab\\AppData\\Local\\Temp\\rust_mozprofilemRIwpN"
console.warn: services.settings: Ignoring preference override of remote settings server
console.warn: services.settings: Allow by setting MOZ_REMOTE_SETTINGS_DEVTOOLS=1 in the environment
1694685554802	Marionette	INFO	Marionette enabled
Dynamically enable window occlusion 0
1694685554860	Marionette	INFO	Listening on port 56632
WebDriver BiDi listening on ws://127.0.0.1:65199
Read port: 56632
1694685555197	RemoteAgent	WARN	TLS certificate errors will be ignored for this session
DevTools listening on ws://127.0.0.1:65199/devtools/browser/740945d8-a588-4c82-aadf-2d6e95fc584c
Sep 14, 2023 11:59:16 AM org.openqa.selenium.remote.ProtocolHandshake createSession
INFO: Detected dialect: W3C
console.warn: LoginRecipes: "Falling back to a synchronous message for: https://es-dev.infath.sa."
]]></system-err>
  </testcase>
  <testcase name="SPOpenProject" classname="ProjectsTests.SPApproveAssigningTest" time="4.552">
    <system-err><![CDATA[console.warn: LoginRecipes: "Falling back to a synchronous message for: https://es-dev.infath.sa."
]]></system-err>
  </testcase>
  <testcase name="Approve" classname="ProjectsTests.SPApproveAssigningTest" time="20.012">
    <failure message="Unable to locate element: //input[@id=&apos;b5-b18-Checkbox1&apos;]&#10;For documentation on this error, please visit: https://selenium.dev/exceptions/#no_such_element&#10;Build info: version: &apos;4.1.4&apos;, revision: &apos;535d840ee2&apos;&#10;System info: host: &apos;MAISHERIF&apos;, ip: &apos;192.168.1.11&apos;, os.name: &apos;Windows 10&apos;, os.arch: &apos;amd64&apos;, os.version: &apos;10.0&apos;, java.version: &apos;17.0.5&apos;&#10;Driver info: org.openqa.selenium.firefox.FirefoxDriver&#10;Command: [87d2ebf2-e970-45ed-87c7-3d6fe0c6a66c, findElement {using=xpath, value=//input[@id=&apos;b5-b18-Checkbox1&apos;]}]&#10;Capabilities {acceptInsecureCerts: true, browserName: firefox, browserVersion: 117.0.1, javascriptEnabled: true, moz:accessibilityChecks: false, moz:buildID: 20230912013654, moz:debuggerAddress: 127.0.0.1:65199, moz:geckodriverVersion: 0.33.0, moz:headless: false, moz:platformVersion: 10.0, moz:processID: 23596, moz:profile: C:\Users\CodeLab\AppData\Lo..., moz:shutdownTimeout: 60000, moz:webdriverClick: true, moz:windowless: false, pageLoadStrategy: normal, platform: WINDOWS, platformName: WINDOWS, proxy: Proxy(), se:cdp: ws://127.0.0.1:65199/devtoo..., se:cdpVersion: 85.0, setWindowRect: true, strictFileInteractability: false, timeouts: {implicit: 0, pageLoad: 300000, script: 30000}, unhandledPromptBehavior: dismiss and notify}&#10;Session ID: 87d2ebf2-e970-45ed-87c7-3d6fe0c6a66c" type="org.openqa.selenium.NoSuchElementException"><![CDATA[org.openqa.selenium.NoSuchElementException: 
Unable to locate element: //input[@id='b5-b18-Checkbox1']
For documentation on this error, please visit: https://selenium.dev/exceptions/#no_such_element
Build info: version: '4.1.4', revision: '535d840ee2'
System info: host: 'MAISHERIF', ip: '192.168.1.11', os.name: 'Windows 10', os.arch: 'amd64', os.version: '10.0', java.version: '17.0.5'
Driver info: org.openqa.selenium.firefox.FirefoxDriver
Command: [87d2ebf2-e970-45ed-87c7-3d6fe0c6a66c, findElement {using=xpath, value=//input[@id='b5-b18-Checkbox1']}]
Capabilities {acceptInsecureCerts: true, browserName: firefox, browserVersion: 117.0.1, javascriptEnabled: true, moz:accessibilityChecks: false, moz:buildID: 20230912013654, moz:debuggerAddress: 127.0.0.1:65199, moz:geckodriverVersion: 0.33.0, moz:headless: false, moz:platformVersion: 10.0, moz:processID: 23596, moz:profile: C:\Users\CodeLab\AppData\Lo..., moz:shutdownTimeout: 60000, moz:webdriverClick: true, moz:windowless: false, pageLoadStrategy: normal, platform: WINDOWS, platformName: WINDOWS, proxy: Proxy(), se:cdp: ws://127.0.0.1:65199/devtoo..., se:cdpVersion: 85.0, setWindowRect: true, strictFileInteractability: false, timeouts: {implicit: 0, pageLoad: 300000, script: 30000}, unhandledPromptBehavior: dismiss and notify}
Session ID: 87d2ebf2-e970-45ed-87c7-3d6fe0c6a66c
	at ProjectsTests.SPApproveAssigningTest.Approve(SPApproveAssigningTest.java:32)
]]></failure>
  </testcase>
  <testcase name="LoginPortofolioManager" classname="ProjectPlanTests.AssignProjectManagerTest" time="6.905">
    <system-err><![CDATA[1694685588685	geckodriver	INFO	Listening on 127.0.0.1:56836
1694685588722	mozrunner::runner	INFO	Running command: "C:\\Program Files\\Mozilla Firefox\\firefox.exe" "--marionette" "--remote-debugging-port" "61113" "--remote-allow-hosts" "localhost" "-no-remote" "-profile" "C:\\Users\\CodeLab\\AppData\\Local\\Temp\\rust_mozprofileawC4YY"
console.warn: services.settings: Ignoring preference override of remote settings server
console.warn: services.settings: Allow by setting MOZ_REMOTE_SETTINGS_DEVTOOLS=1 in the environment
1694685589026	Marionette	INFO	Marionette enabled
Dynamically enable window occlusion 0
1694685589095	Marionette	INFO	Listening on port 56708
WebDriver BiDi listening on ws://127.0.0.1:61113
Read port: 56708
1694685589437	RemoteAgent	WARN	TLS certificate errors will be ignored for this session
DevTools listening on ws://127.0.0.1:61113/devtools/browser/04f9531d-efe8-489a-aced-b195826c5178
Sep 14, 2023 11:59:51 AM org.openqa.selenium.remote.ProtocolHandshake createSession
INFO: Detected dialect: W3C
console.warn: LoginRecipes: "Falling back to a synchronous message for: https://es-dev.infath.sa."
]]></system-err>
  </testcase>
  <testcase name="assignpm" classname="ProjectPlanTests.AssignProjectManagerTest" time="34.324">
    <failure message="Unable to locate element: (//i[@class=&apos;icon margin-right-s fa fa-user-plus fa-1x&apos;])[3]&#10;For documentation on this error, please visit: https://selenium.dev/exceptions/#no_such_element&#10;Build info: version: &apos;4.1.4&apos;, revision: &apos;535d840ee2&apos;&#10;System info: host: &apos;MAISHERIF&apos;, ip: &apos;192.168.1.11&apos;, os.name: &apos;Windows 10&apos;, os.arch: &apos;amd64&apos;, os.version: &apos;10.0&apos;, java.version: &apos;17.0.5&apos;&#10;Driver info: org.openqa.selenium.firefox.FirefoxDriver&#10;Command: [af4c1484-9ae2-420e-a11a-f29cac3314a1, findElement {using=xpath, value=(//i[@class=&apos;icon margin-right-s fa fa-user-plus fa-1x&apos;])[3]}]&#10;Capabilities {acceptInsecureCerts: true, browserName: firefox, browserVersion: 117.0.1, javascriptEnabled: true, moz:accessibilityChecks: false, moz:buildID: 20230912013654, moz:debuggerAddress: 127.0.0.1:61113, moz:geckodriverVersion: 0.33.0, moz:headless: false, moz:platformVersion: 10.0, moz:processID: 1104, moz:profile: C:\Users\CodeLab\AppData\Lo..., moz:shutdownTimeout: 60000, moz:webdriverClick: true, moz:windowless: false, pageLoadStrategy: normal, platform: WINDOWS, platformName: WINDOWS, proxy: Proxy(), se:cdp: ws://127.0.0.1:61113/devtoo..., se:cdpVersion: 85.0, setWindowRect: true, strictFileInteractability: false, timeouts: {implicit: 0, pageLoad: 300000, script: 30000}, unhandledPromptBehavior: dismiss and notify}&#10;Session ID: af4c1484-9ae2-420e-a11a-f29cac3314a1" type="org.openqa.selenium.NoSuchElementException"><![CDATA[org.openqa.selenium.NoSuchElementException: 
Unable to locate element: (//i[@class='icon margin-right-s fa fa-user-plus fa-1x'])[3]
For documentation on this error, please visit: https://selenium.dev/exceptions/#no_such_element
Build info: version: '4.1.4', revision: '535d840ee2'
System info: host: 'MAISHERIF', ip: '192.168.1.11', os.name: 'Windows 10', os.arch: 'amd64', os.version: '10.0', java.version: '17.0.5'
Driver info: org.openqa.selenium.firefox.FirefoxDriver
Command: [af4c1484-9ae2-420e-a11a-f29cac3314a1, findElement {using=xpath, value=(//i[@class='icon margin-right-s fa fa-user-plus fa-1x'])[3]}]
Capabilities {acceptInsecureCerts: true, browserName: firefox, browserVersion: 117.0.1, javascriptEnabled: true, moz:accessibilityChecks: false, moz:buildID: 20230912013654, moz:debuggerAddress: 127.0.0.1:61113, moz:geckodriverVersion: 0.33.0, moz:headless: false, moz:platformVersion: 10.0, moz:processID: 1104, moz:profile: C:\Users\CodeLab\AppData\Lo..., moz:shutdownTimeout: 60000, moz:webdriverClick: true, moz:windowless: false, pageLoadStrategy: normal, platform: WINDOWS, platformName: WINDOWS, proxy: Proxy(), se:cdp: ws://127.0.0.1:61113/devtoo..., se:cdpVersion: 85.0, setWindowRect: true, strictFileInteractability: false, timeouts: {implicit: 0, pageLoad: 300000, script: 30000}, unhandledPromptBehavior: dismiss and notify}
Session ID: af4c1484-9ae2-420e-a11a-f29cac3314a1
	at ProjectPlanTests.AssignProjectManagerTest.assignpm(AssignProjectManagerTest.java:37)
]]></failure>
    <system-err><![CDATA[console.warn: LoginRecipes: "Falling back to a synchronous message for: https://es-dev.infath.sa."
]]></system-err>
  </testcase>
  <testcase name="LoginExternalUser" classname="ProjectPlanTests.AddProjectPlanTest" time="5.281">
    <system-err><![CDATA[1694685636345	geckodriver	INFO	Listening on 127.0.0.1:53700
1694685636390	mozrunner::runner	INFO	Running command: "C:\\Program Files\\Mozilla Firefox\\firefox.exe" "--marionette" "--remote-debugging-port" "54553" "--remote-allow-hosts" "localhost" "-no-remote" "-profile" "C:\\Users\\CodeLab\\AppData\\Local\\Temp\\rust_mozprofilee7PiTk"
console.warn: services.settings: Ignoring preference override of remote settings server
console.warn: services.settings: Allow by setting MOZ_REMOTE_SETTINGS_DEVTOOLS=1 in the environment
1694685636759	Marionette	INFO	Marionette enabled
Dynamically enable window occlusion 0
1694685636828	Marionette	INFO	Listening on port 56855
WebDriver BiDi listening on ws://127.0.0.1:54553
Read port: 56855
1694685637147	RemoteAgent	WARN	TLS certificate errors will be ignored for this session
DevTools listening on ws://127.0.0.1:54553/devtools/browser/5edf585f-fcb2-4fa7-afd6-f6c75ca44f50
Sep 14, 2023 12:00:38 PM org.openqa.selenium.remote.ProtocolHandshake createSession
INFO: Detected dialect: W3C
console.warn: LoginRecipes: "Falling back to a synchronous message for: https://es-dev.infath.sa."
]]></system-err>
  </testcase>
  <testcase name="addprojectplan" classname="ProjectPlanTests.AddProjectPlanTest" time="34.035">
    <failure message="Unable to locate element: (//button[@class=&apos;btn btn-primary&apos;])[2]&#10;For documentation on this error, please visit: https://selenium.dev/exceptions/#no_such_element&#10;Build info: version: &apos;4.1.4&apos;, revision: &apos;535d840ee2&apos;&#10;System info: host: &apos;MAISHERIF&apos;, ip: &apos;192.168.1.11&apos;, os.name: &apos;Windows 10&apos;, os.arch: &apos;amd64&apos;, os.version: &apos;10.0&apos;, java.version: &apos;17.0.5&apos;&#10;Driver info: org.openqa.selenium.firefox.FirefoxDriver&#10;Command: [4fcfe74a-917f-4129-9b80-ac06b745aa26, findElement {using=xpath, value=(//button[@class=&apos;btn btn-primary&apos;])[2]}]&#10;Capabilities {acceptInsecureCerts: true, browserName: firefox, browserVersion: 117.0.1, javascriptEnabled: true, moz:accessibilityChecks: false, moz:buildID: 20230912013654, moz:debuggerAddress: 127.0.0.1:54553, moz:geckodriverVersion: 0.33.0, moz:headless: false, moz:platformVersion: 10.0, moz:processID: 24608, moz:profile: C:\Users\CodeLab\AppData\Lo..., moz:shutdownTimeout: 60000, moz:webdriverClick: true, moz:windowless: false, pageLoadStrategy: normal, platform: WINDOWS, platformName: WINDOWS, proxy: Proxy(), se:cdp: ws://127.0.0.1:54553/devtoo..., se:cdpVersion: 85.0, setWindowRect: true, strictFileInteractability: false, timeouts: {implicit: 0, pageLoad: 300000, script: 30000}, unhandledPromptBehavior: dismiss and notify}&#10;Session ID: 4fcfe74a-917f-4129-9b80-ac06b745aa26" type="org.openqa.selenium.NoSuchElementException"><![CDATA[org.openqa.selenium.NoSuchElementException: 
Unable to locate element: (//button[@class='btn btn-primary'])[2]
For documentation on this error, please visit: https://selenium.dev/exceptions/#no_such_element
Build info: version: '4.1.4', revision: '535d840ee2'
System info: host: 'MAISHERIF', ip: '192.168.1.11', os.name: 'Windows 10', os.arch: 'amd64', os.version: '10.0', java.version: '17.0.5'
Driver info: org.openqa.selenium.firefox.FirefoxDriver
Command: [4fcfe74a-917f-4129-9b80-ac06b745aa26, findElement {using=xpath, value=(//button[@class='btn btn-primary'])[2]}]
Capabilities {acceptInsecureCerts: true, browserName: firefox, browserVersion: 117.0.1, javascriptEnabled: true, moz:accessibilityChecks: false, moz:buildID: 20230912013654, moz:debuggerAddress: 127.0.0.1:54553, moz:geckodriverVersion: 0.33.0, moz:headless: false, moz:platformVersion: 10.0, moz:processID: 24608, moz:profile: C:\Users\CodeLab\AppData\Lo..., moz:shutdownTimeout: 60000, moz:webdriverClick: true, moz:windowless: false, pageLoadStrategy: normal, platform: WINDOWS, platformName: WINDOWS, proxy: Proxy(), se:cdp: ws://127.0.0.1:54553/devtoo..., se:cdpVersion: 85.0, setWindowRect: true, strictFileInteractability: false, timeouts: {implicit: 0, pageLoad: 300000, script: 30000}, unhandledPromptBehavior: dismiss and notify}
Session ID: 4fcfe74a-917f-4129-9b80-ac06b745aa26
	at ProjectPlanTests.AddProjectPlanTest.addprojectplan(AddProjectPlanTest.java:34)
]]></failure>
    <system-err><![CDATA[console.warn: LoginRecipes: "Falling back to a synchronous message for: https://es-dev.infath.sa."
]]></system-err>
  </testcase>
  <testcase name="LoginPM" classname="ProjectPlanTests.ApproveprojectPlan" time="8.886">
    <system-err><![CDATA[1694685683653	geckodriver	INFO	Listening on 127.0.0.1:61667
1694685683675	mozrunner::runner	INFO	Running command: "C:\\Program Files\\Mozilla Firefox\\firefox.exe" "--marionette" "--remote-debugging-port" "61735" "--remote-allow-hosts" "localhost" "-no-remote" "-profile" "C:\\Users\\CodeLab\\AppData\\Local\\Temp\\rust_mozprofileJgGEMF"
console.warn: services.settings: Ignoring preference override of remote settings server
console.warn: services.settings: Allow by setting MOZ_REMOTE_SETTINGS_DEVTOOLS=1 in the environment
1694685683960	Marionette	INFO	Marionette enabled
Dynamically enable window occlusion 0
1694685684033	Marionette	INFO	Listening on port 56945
WebDriver BiDi listening on ws://127.0.0.1:61735
Read port: 56945
1694685684424	RemoteAgent	WARN	TLS certificate errors will be ignored for this session
DevTools listening on ws://127.0.0.1:61735/devtools/browser/566cb37d-a60f-4820-a130-364a44b2e7c0
Sep 14, 2023 12:01:26 PM org.openqa.selenium.remote.ProtocolHandshake createSession
INFO: Detected dialect: W3C
console.warn: LoginRecipes: "Falling back to a synchronous message for: https://es-dev.infath.sa."
]]></system-err>
  </testcase>
  <testcase name="approveproject" classname="ProjectPlanTests.ApproveprojectPlan" time="46.818">
    <failure message="Unable to locate element: (//a[@class=&apos;display-flex align-items-center justify-content-center&apos;])[2]&#10;For documentation on this error, please visit: https://selenium.dev/exceptions/#no_such_element&#10;Build info: version: &apos;4.1.4&apos;, revision: &apos;535d840ee2&apos;&#10;System info: host: &apos;MAISHERIF&apos;, ip: &apos;192.168.1.11&apos;, os.name: &apos;Windows 10&apos;, os.arch: &apos;amd64&apos;, os.version: &apos;10.0&apos;, java.version: &apos;17.0.5&apos;&#10;Driver info: org.openqa.selenium.firefox.FirefoxDriver&#10;Command: [1372422a-8c8a-4be8-b03f-872860d1585f, findElement {using=xpath, value=(//a[@class=&apos;display-flex align-items-center justify-content-center&apos;])[2]}]&#10;Capabilities {acceptInsecureCerts: true, browserName: firefox, browserVersion: 117.0.1, javascriptEnabled: true, moz:accessibilityChecks: false, moz:buildID: 20230912013654, moz:debuggerAddress: 127.0.0.1:61735, moz:geckodriverVersion: 0.33.0, moz:headless: false, moz:platformVersion: 10.0, moz:processID: 3104, moz:profile: C:\Users\CodeLab\AppData\Lo..., moz:shutdownTimeout: 60000, moz:webdriverClick: true, moz:windowless: false, pageLoadStrategy: normal, platform: WINDOWS, platformName: WINDOWS, proxy: Proxy(), se:cdp: ws://127.0.0.1:61735/devtoo..., se:cdpVersion: 85.0, setWindowRect: true, strictFileInteractability: false, timeouts: {implicit: 0, pageLoad: 300000, script: 30000}, unhandledPromptBehavior: dismiss and notify}&#10;Session ID: 1372422a-8c8a-4be8-b03f-872860d1585f" type="org.openqa.selenium.NoSuchElementException"><![CDATA[org.openqa.selenium.NoSuchElementException: 
Unable to locate element: (//a[@class='display-flex align-items-center justify-content-center'])[2]
For documentation on this error, please visit: https://selenium.dev/exceptions/#no_such_element
Build info: version: '4.1.4', revision: '535d840ee2'
System info: host: 'MAISHERIF', ip: '192.168.1.11', os.name: 'Windows 10', os.arch: 'amd64', os.version: '10.0', java.version: '17.0.5'
Driver info: org.openqa.selenium.firefox.FirefoxDriver
Command: [1372422a-8c8a-4be8-b03f-872860d1585f, findElement {using=xpath, value=(//a[@class='display-flex align-items-center justify-content-center'])[2]}]
Capabilities {acceptInsecureCerts: true, browserName: firefox, browserVersion: 117.0.1, javascriptEnabled: true, moz:accessibilityChecks: false, moz:buildID: 20230912013654, moz:debuggerAddress: 127.0.0.1:61735, moz:geckodriverVersion: 0.33.0, moz:headless: false, moz:platformVersion: 10.0, moz:processID: 3104, moz:profile: C:\Users\CodeLab\AppData\Lo..., moz:shutdownTimeout: 60000, moz:webdriverClick: true, moz:windowless: false, pageLoadStrategy: normal, platform: WINDOWS, platformName: WINDOWS, proxy: Proxy(), se:cdp: ws://127.0.0.1:61735/devtoo..., se:cdpVersion: 85.0, setWindowRect: true, strictFileInteractability: false, timeouts: {implicit: 0, pageLoad: 300000, script: 30000}, unhandledPromptBehavior: dismiss and notify}
Session ID: 1372422a-8c8a-4be8-b03f-872860d1585f
	at ProjectPlanTests.ApproveprojectPlan.approveproject(ApproveprojectPlan.java:38)
]]></failure>
    <system-err><![CDATA[console.warn: LoginRecipes: "Falling back to a synchronous message for: https://es-dev.infath.sa."
]]></system-err>
  </testcase>
  <testcase name="LoginExternalUser" classname="AuctionPlan.AuctionPlanTest" time="3.569">
    <system-err><![CDATA[1694685747588	geckodriver	INFO	Listening on 127.0.0.1:64053
1694685747633	mozrunner::runner	INFO	Running command: "C:\\Program Files\\Mozilla Firefox\\firefox.exe" "--marionette" "--remote-debugging-port" "63646" "--remote-allow-hosts" "localhost" "-no-remote" "-profile" "C:\\Users\\CodeLab\\AppData\\Local\\Temp\\rust_mozprofileqs7adQ"
console.warn: services.settings: Ignoring preference override of remote settings server
console.warn: services.settings: Allow by setting MOZ_REMOTE_SETTINGS_DEVTOOLS=1 in the environment
1694685747943	Marionette	INFO	Marionette enabled
Dynamically enable window occlusion 0
1694685748009	Marionette	INFO	Listening on port 57068
WebDriver BiDi listening on ws://127.0.0.1:63646
Read port: 57068
1694685748363	RemoteAgent	WARN	TLS certificate errors will be ignored for this session
DevTools listening on ws://127.0.0.1:63646/devtools/browser/6e123b74-5f15-45a1-acec-c36c82fb5246
Sep 14, 2023 12:02:29 PM org.openqa.selenium.remote.ProtocolHandshake createSession
INFO: Detected dialect: W3C
console.warn: LoginRecipes: "Falling back to a synchronous message for: https://es-dev.infath.sa."
]]></system-err>
  </testcase>
  <testcase name="auctionplan" classname="AuctionPlan.AuctionPlanTest" time="21.41">
    <failure message="Element &lt;input id=&quot;b5-b16-l2-199_0-Input_StartingDate&quot; class=&quot;form-control OSFillParent&quot; type=&quot;date&quot;&gt; is not reachable by keyboard&#10;Build info: version: &apos;4.1.4&apos;, revision: &apos;535d840ee2&apos;&#10;System info: host: &apos;MAISHERIF&apos;, ip: &apos;192.168.1.11&apos;, os.name: &apos;Windows 10&apos;, os.arch: &apos;amd64&apos;, os.version: &apos;10.0&apos;, java.version: &apos;17.0.5&apos;&#10;Driver info: org.openqa.selenium.firefox.FirefoxDriver&#10;Command: [ff082c6e-97bb-4927-ba66-244b8c5dc1c0, sendKeysToElement {id=8686573c-ec7b-4b50-aa74-16fc58c9ce12, value=[Ljava.lang.CharSequence;@53d2d002}]&#10;Capabilities {acceptInsecureCerts: true, browserName: firefox, browserVersion: 117.0.1, javascriptEnabled: true, moz:accessibilityChecks: false, moz:buildID: 20230912013654, moz:debuggerAddress: 127.0.0.1:63646, moz:geckodriverVersion: 0.33.0, moz:headless: false, moz:platformVersion: 10.0, moz:processID: 1796, moz:profile: C:\Users\CodeLab\AppData\Lo..., moz:shutdownTimeout: 60000, moz:webdriverClick: true, moz:windowless: false, pageLoadStrategy: normal, platform: WINDOWS, platformName: WINDOWS, proxy: Proxy(), se:cdp: ws://127.0.0.1:63646/devtoo..., se:cdpVersion: 85.0, setWindowRect: true, strictFileInteractability: false, timeouts: {implicit: 0, pageLoad: 300000, script: 30000}, unhandledPromptBehavior: dismiss and notify}&#10;Element: [[FirefoxDriver: firefox on WINDOWS (ff082c6e-97bb-4927-ba66-244b8c5dc1c0)] -&gt; xpath: (//input[@class=&apos;form-control OSFillParent&apos;])[7]]&#10;Session ID: ff082c6e-97bb-4927-ba66-244b8c5dc1c0" type="org.openqa.selenium.ElementNotInteractableException"><![CDATA[org.openqa.selenium.ElementNotInteractableException: 
Element <input id="b5-b16-l2-199_0-Input_StartingDate" class="form-control OSFillParent" type="date"> is not reachable by keyboard
Build info: version: '4.1.4', revision: '535d840ee2'
System info: host: 'MAISHERIF', ip: '192.168.1.11', os.name: 'Windows 10', os.arch: 'amd64', os.version: '10.0', java.version: '17.0.5'
Driver info: org.openqa.selenium.firefox.FirefoxDriver
Command: [ff082c6e-97bb-4927-ba66-244b8c5dc1c0, sendKeysToElement {id=8686573c-ec7b-4b50-aa74-16fc58c9ce12, value=[Ljava.lang.CharSequence;@53d2d002}]
Capabilities {acceptInsecureCerts: true, browserName: firefox, browserVersion: 117.0.1, javascriptEnabled: true, moz:accessibilityChecks: false, moz:buildID: 20230912013654, moz:debuggerAddress: 127.0.0.1:63646, moz:geckodriverVersion: 0.33.0, moz:headless: false, moz:platformVersion: 10.0, moz:processID: 1796, moz:profile: C:\Users\CodeLab\AppData\Lo..., moz:shutdownTimeout: 60000, moz:webdriverClick: true, moz:windowless: false, pageLoadStrategy: normal, platform: WINDOWS, platformName: WINDOWS, proxy: Proxy(), se:cdp: ws://127.0.0.1:63646/devtoo..., se:cdpVersion: 85.0, setWindowRect: true, strictFileInteractability: false, timeouts: {implicit: 0, pageLoad: 300000, script: 30000}, unhandledPromptBehavior: dismiss and notify}
Element: [[FirefoxDriver: firefox on WINDOWS (ff082c6e-97bb-4927-ba66-244b8c5dc1c0)] -> xpath: (//input[@class='form-control OSFillParent'])[7]]
Session ID: ff082c6e-97bb-4927-ba66-244b8c5dc1c0
	at AuctionPlan.AuctionPlanTest.auctionplan(AuctionPlanTest.java:33)
]]></failure>
    <system-err><![CDATA[console.warn: LoginRecipes: "Falling back to a synchronous message for: https://es-dev.infath.sa."
]]></system-err>
  </testcase>
  <testcase name="LoginPM" classname="AuctionPlan.ApproveAuctionPlanTest" time="3.547">
    <system-err><![CDATA[1694685777251	geckodriver	INFO	Listening on 127.0.0.1:56883
1694685777299	mozrunner::runner	INFO	Running command: "C:\\Program Files\\Mozilla Firefox\\firefox.exe" "--marionette" "--remote-debugging-port" "64073" "--remote-allow-hosts" "localhost" "-no-remote" "-profile" "C:\\Users\\CodeLab\\AppData\\Local\\Temp\\rust_mozprofileRkF8Ak"
console.warn: services.settings: Ignoring preference override of remote settings server
console.warn: services.settings: Allow by setting MOZ_REMOTE_SETTINGS_DEVTOOLS=1 in the environment
1694685777908	Marionette	INFO	Marionette enabled
Dynamically enable window occlusion 0
1694685778010	Marionette	INFO	Listening on port 57143
WebDriver BiDi listening on ws://127.0.0.1:64073
Read port: 57143
1694685778359	RemoteAgent	WARN	TLS certificate errors will be ignored for this session
DevTools listening on ws://127.0.0.1:64073/devtools/browser/e85d98a7-e5e1-4c74-8a7f-a3d1749d4f20
Sep 14, 2023 12:03:00 PM org.openqa.selenium.remote.ProtocolHandshake createSession
INFO: Detected dialect: W3C
console.warn: LoginRecipes: "Falling back to a synchronous message for: https://es-dev.infath.sa."
]]></system-err>
  </testcase>
  <testcase name="auctionplan" classname="AuctionPlan.ApproveAuctionPlanTest" time="34.772">
    <failure message="Unable to locate element: (//div[@class=&apos;display-flex justify-content-flex-end margin-top-base&apos;]/button)[2]&#10;For documentation on this error, please visit: https://selenium.dev/exceptions/#no_such_element&#10;Build info: version: &apos;4.1.4&apos;, revision: &apos;535d840ee2&apos;&#10;System info: host: &apos;MAISHERIF&apos;, ip: &apos;192.168.1.11&apos;, os.name: &apos;Windows 10&apos;, os.arch: &apos;amd64&apos;, os.version: &apos;10.0&apos;, java.version: &apos;17.0.5&apos;&#10;Driver info: org.openqa.selenium.firefox.FirefoxDriver&#10;Command: [bb2965ae-e6b5-471f-b431-01a7f4b30799, findElement {using=xpath, value=(//div[@class=&apos;display-flex justify-content-flex-end margin-top-base&apos;]/button)[2]}]&#10;Capabilities {acceptInsecureCerts: true, browserName: firefox, browserVersion: 117.0.1, javascriptEnabled: true, moz:accessibilityChecks: false, moz:buildID: 20230912013654, moz:debuggerAddress: 127.0.0.1:64073, moz:geckodriverVersion: 0.33.0, moz:headless: false, moz:platformVersion: 10.0, moz:processID: 26736, moz:profile: C:\Users\CodeLab\AppData\Lo..., moz:shutdownTimeout: 60000, moz:webdriverClick: true, moz:windowless: false, pageLoadStrategy: normal, platform: WINDOWS, platformName: WINDOWS, proxy: Proxy(), se:cdp: ws://127.0.0.1:64073/devtoo..., se:cdpVersion: 85.0, setWindowRect: true, strictFileInteractability: false, timeouts: {implicit: 0, pageLoad: 300000, script: 30000}, unhandledPromptBehavior: dismiss and notify}&#10;Session ID: bb2965ae-e6b5-471f-b431-01a7f4b30799" type="org.openqa.selenium.NoSuchElementException"><![CDATA[org.openqa.selenium.NoSuchElementException: 
Unable to locate element: (//div[@class='display-flex justify-content-flex-end margin-top-base']/button)[2]
For documentation on this error, please visit: https://selenium.dev/exceptions/#no_such_element
Build info: version: '4.1.4', revision: '535d840ee2'
System info: host: 'MAISHERIF', ip: '192.168.1.11', os.name: 'Windows 10', os.arch: 'amd64', os.version: '10.0', java.version: '17.0.5'
Driver info: org.openqa.selenium.firefox.FirefoxDriver
Command: [bb2965ae-e6b5-471f-b431-01a7f4b30799, findElement {using=xpath, value=(//div[@class='display-flex justify-content-flex-end margin-top-base']/button)[2]}]
Capabilities {acceptInsecureCerts: true, browserName: firefox, browserVersion: 117.0.1, javascriptEnabled: true, moz:accessibilityChecks: false, moz:buildID: 20230912013654, moz:debuggerAddress: 127.0.0.1:64073, moz:geckodriverVersion: 0.33.0, moz:headless: false, moz:platformVersion: 10.0, moz:processID: 26736, moz:profile: C:\Users\CodeLab\AppData\Lo..., moz:shutdownTimeout: 60000, moz:webdriverClick: true, moz:windowless: false, pageLoadStrategy: normal, platform: WINDOWS, platformName: WINDOWS, proxy: Proxy(), se:cdp: ws://127.0.0.1:64073/devtoo..., se:cdpVersion: 85.0, setWindowRect: true, strictFileInteractability: false, timeouts: {implicit: 0, pageLoad: 300000, script: 30000}, unhandledPromptBehavior: dismiss and notify}
Session ID: bb2965ae-e6b5-471f-b431-01a7f4b30799
	at AuctionPlan.ApproveAuctionPlanTest.auctionplan(ApproveAuctionPlanTest.java:35)
]]></failure>
    <system-err><![CDATA[console.warn: LoginRecipes: "Falling back to a synchronous message for: https://es-dev.infath.sa."
]]></system-err>
  </testcase>
</testsuite>