<?xml version="1.0" encoding="UTF-8"?>
<testng-results ignored="0" total="6" passed="4" failed="1" skipped="1">
  <reporter-output>
  </reporter-output>
  <suite started-at="2023-01-11T11:03:57 EET" name="Suite" finished-at="2023-01-11T11:05:44 EET" duration-ms="107032">
    <groups>
    </groups>
    <test started-at="2023-01-11T11:03:57 EET" name="Test" finished-at="2023-01-11T11:05:44 EET" duration-ms="107032">
      <class name="tests.AddrecomendationTest">
        <test-method is-config="true" signature="Startdriver(java.lang.String)[pri:0, instance:tests.AddrecomendationTest@55a147cc]" started-at="2023-01-11T11:03:57 EET" name="Startdriver" finished-at="2023-01-11T11:04:02 EET" duration-ms="5463" status="PASS">
          <params>
            <param index="0">
              <value>
                <![CDATA[firefox]]>
              </value>
            </param>
          </params>
          <reporter-output>
          </reporter-output>
        </test-method> <!-- Startdriver -->
        <test-method signature="loginLegalConsultationResearcher2()[pri:0, instance:tests.AddrecomendationTest@55a147cc]" started-at="2023-01-11T11:04:02 EET" name="loginLegalConsultationResearcher2" finished-at="2023-01-11T11:04:09 EET" duration-ms="6848" status="PASS">
          <reporter-output>
          </reporter-output>
        </test-method> <!-- loginLegalConsultationResearcher2 -->
        <test-method signature="addrecomendation()[pri:0, instance:tests.AddrecomendationTest@55a147cc]" started-at="2023-01-11T11:04:09 EET" name="addrecomendation" finished-at="2023-01-11T11:04:37 EET" depends-on-methods="tests.AddrecomendationTest.loginLegalConsultationResearcher2" duration-ms="27383" status="PASS">
          <reporter-output>
          </reporter-output>
        </test-method> <!-- addrecomendation -->
        <test-method signature="logout2()[pri:0, instance:tests.AddrecomendationTest@55a147cc]" started-at="2023-01-11T11:04:37 EET" name="logout2" finished-at="2023-01-11T11:04:37 EET" depends-on-methods="tests.AddrecomendationTest.addrecomendation" duration-ms="21" status="PASS">
          <reporter-output>
          </reporter-output>
        </test-method> <!-- logout2 -->
      </class> <!-- tests.AddrecomendationTest -->
      <class name="tests.ApproverecomendationTest">
        <test-method is-config="true" signature="Startdriver(java.lang.String)[pri:0, instance:tests.ApproverecomendationTest@3646a422]" started-at="2023-01-11T11:04:37 EET" name="Startdriver" finished-at="2023-01-11T11:04:46 EET" duration-ms="9574" status="PASS">
          <params>
            <param index="0">
              <value>
                <![CDATA[firefox]]>
              </value>
            </param>
          </params>
          <reporter-output>
          </reporter-output>
        </test-method> <!-- Startdriver -->
        <test-method signature="loginLegalConsultationapproval2()[pri:0, instance:tests.ApproverecomendationTest@3646a422]" started-at="2023-01-11T11:04:46 EET" name="loginLegalConsultationapproval2" finished-at="2023-01-11T11:04:55 EET" duration-ms="8461" status="PASS">
          <reporter-output>
          </reporter-output>
        </test-method> <!-- loginLegalConsultationapproval2 -->
        <test-method signature="approverecomendation()[pri:0, instance:tests.ApproverecomendationTest@3646a422]" started-at="2023-01-11T11:04:55 EET" name="approverecomendation" finished-at="2023-01-11T11:05:44 EET" depends-on-methods="tests.ApproverecomendationTest.loginLegalConsultationapproval2" duration-ms="49234" status="FAIL">
          <exception class="org.openqa.selenium.NoSuchElementException">
            <message>
              <![CDATA[Unable to locate element: (//i[@class='icon fa fa-check fa-1x'])[2]
For documentation on this error, please visit: https://selenium.dev/exceptions/#no_such_element
Build info: version: '4.1.4', revision: '535d840ee2'
System info: host: 'MAISHERIF', ip: '100.64.176.248', os.name: 'Windows 10', os.arch: 'amd64', os.version: '10.0', java.version: '17.0.1'
Driver info: org.openqa.selenium.firefox.FirefoxDriver
Command: [a9e9e34a-c8fb-4b8d-8970-8643ca984699, findElement {using=xpath, value=(//i[@class='icon fa fa-check fa-1x'])[2]}]
Capabilities {acceptInsecureCerts: true, browserName: firefox, browserVersion: 108.0.1, javascriptEnabled: true, moz:accessibilityChecks: false, moz:buildID: 20221215175817, moz:debuggerAddress: 127.0.0.1:65395, moz:geckodriverVersion: 0.32.0, moz:headless: false, moz:platformVersion: 10.0, moz:processID: 45564, moz:profile: C:\Users\CodeLab\AppData\Lo..., moz:shutdownTimeout: 60000, moz:useNonSpecCompliantPointerOrigin: false, moz:webdriverClick: true, moz:windowless: false, pageLoadStrategy: normal, platform: WINDOWS, platformName: WINDOWS, proxy: Proxy(), se:cdp: ws://127.0.0.1:65395/devtoo..., se:cdpVersion: 85.0, setWindowRect: true, strictFileInteractability: false, timeouts: {implicit: 0, pageLoad: 300000, script: 30000}, unhandledPromptBehavior: dismiss and notify}
Session ID: a9e9e34a-c8fb-4b8d-8970-8643ca984699]]>
            </message>
            <full-stacktrace>
              <![CDATA[org.openqa.selenium.NoSuchElementException: Unable to locate element: (//i[@class='icon fa fa-check fa-1x'])[2]
For documentation on this error, please visit: https://selenium.dev/exceptions/#no_such_element
Build info: version: '4.1.4', revision: '535d840ee2'
System info: host: 'MAISHERIF', ip: '100.64.176.248', os.name: 'Windows 10', os.arch: 'amd64', os.version: '10.0', java.version: '17.0.1'
Driver info: org.openqa.selenium.firefox.FirefoxDriver
Command: [a9e9e34a-c8fb-4b8d-8970-8643ca984699, findElement {using=xpath, value=(//i[@class='icon fa fa-check fa-1x'])[2]}]
Capabilities {acceptInsecureCerts: true, browserName: firefox, browserVersion: 108.0.1, javascriptEnabled: true, moz:accessibilityChecks: false, moz:buildID: 20221215175817, moz:debuggerAddress: 127.0.0.1:65395, moz:geckodriverVersion: 0.32.0, moz:headless: false, moz:platformVersion: 10.0, moz:processID: 45564, moz:profile: C:\Users\CodeLab\AppData\Lo..., moz:shutdownTimeout: 60000, moz:useNonSpecCompliantPointerOrigin: false, moz:webdriverClick: true, moz:windowless: false, pageLoadStrategy: normal, platform: WINDOWS, platformName: WINDOWS, proxy: Proxy(), se:cdp: ws://127.0.0.1:65395/devtoo..., se:cdpVersion: 85.0, setWindowRect: true, strictFileInteractability: false, timeouts: {implicit: 0, pageLoad: 300000, script: 30000}, unhandledPromptBehavior: dismiss and notify}
Session ID: a9e9e34a-c8fb-4b8d-8970-8643ca984699
at java.base/jdk.internal.reflect.NativeConstructorAccessorImpl.newInstance0(Native Method)
at java.base/jdk.internal.reflect.NativeConstructorAccessorImpl.newInstance(NativeConstructorAccessorImpl.java:77)
at java.base/jdk.internal.reflect.DelegatingConstructorAccessorImpl.newInstance(DelegatingConstructorAccessorImpl.java:45)
at java.base/java.lang.reflect.Constructor.newInstanceWithCaller(Constructor.java:499)
at java.base/java.lang.reflect.Constructor.newInstance(Constructor.java:480)
at org.openqa.selenium.remote.codec.w3c.W3CHttpResponseCodec.createException(W3CHttpResponseCodec.java:200)
at org.openqa.selenium.remote.codec.w3c.W3CHttpResponseCodec.decode(W3CHttpResponseCodec.java:133)
at org.openqa.selenium.remote.codec.w3c.W3CHttpResponseCodec.decode(W3CHttpResponseCodec.java:53)
at org.openqa.selenium.remote.HttpCommandExecutor.execute(HttpCommandExecutor.java:184)
at org.openqa.selenium.remote.service.DriverCommandExecutor.invokeExecute(DriverCommandExecutor.java:167)
at org.openqa.selenium.remote.service.DriverCommandExecutor.execute(DriverCommandExecutor.java:142)
at org.openqa.selenium.remote.RemoteWebDriver.execute(RemoteWebDriver.java:567)
at org.openqa.selenium.remote.ElementLocation$ElementFinder$2.findElement(ElementLocation.java:162)
at org.openqa.selenium.remote.ElementLocation.findElement(ElementLocation.java:60)
at org.openqa.selenium.remote.RemoteWebDriver.findElement(RemoteWebDriver.java:385)
at org.openqa.selenium.remote.RemoteWebDriver.findElement(RemoteWebDriver.java:377)
at pages.ApproveRecomendationClass.approverecomendation(ApproveRecomendationClass.java:63)
at tests.ApproverecomendationTest.approverecomendation(ApproverecomendationTest.java:39)
at java.base/jdk.internal.reflect.NativeMethodAccessorImpl.invoke0(Native Method)
at java.base/jdk.internal.reflect.NativeMethodAccessorImpl.invoke(NativeMethodAccessorImpl.java:77)
at java.base/jdk.internal.reflect.DelegatingMethodAccessorImpl.invoke(DelegatingMethodAccessorImpl.java:43)
at java.base/java.lang.reflect.Method.invoke(Method.java:568)
at org.testng.internal.invokers.MethodInvocationHelper.invokeMethod(MethodInvocationHelper.java:139)
at org.testng.internal.invokers.TestInvoker.invokeMethod(TestInvoker.java:677)
at org.testng.internal.invokers.TestInvoker.invokeTestMethod(TestInvoker.java:221)
at org.testng.internal.invokers.MethodRunner.runInSequence(MethodRunner.java:50)
at org.testng.internal.invokers.TestInvoker$MethodInvocationAgent.invoke(TestInvoker.java:962)
at org.testng.internal.invokers.TestInvoker.invokeTestMethods(TestInvoker.java:194)
at org.testng.internal.invokers.TestMethodWorker.invokeTestMethods(TestMethodWorker.java:148)
at org.testng.internal.invokers.TestMethodWorker.run(TestMethodWorker.java:128)
at java.base/java.util.ArrayList.forEach(ArrayList.java:1511)
at org.testng.TestRunner.privateRun(TestRunner.java:806)
at org.testng.TestRunner.run(TestRunner.java:601)
at org.testng.SuiteRunner.runTest(SuiteRunner.java:433)
at org.testng.SuiteRunner.runSequentially(SuiteRunner.java:427)
at org.testng.SuiteRunner.privateRun(SuiteRunner.java:387)
at org.testng.SuiteRunner.run(SuiteRunner.java:330)
at org.testng.SuiteRunnerWorker.runSuite(SuiteRunnerWorker.java:52)
at org.testng.SuiteRunnerWorker.run(SuiteRunnerWorker.java:95)
at org.testng.TestNG.runSuitesSequentially(TestNG.java:1256)
at org.testng.TestNG.runSuitesLocally(TestNG.java:1176)
at org.testng.TestNG.runSuites(TestNG.java:1099)
at org.testng.TestNG.run(TestNG.java:1067)
at org.testng.remote.AbstractRemoteTestNG.run(AbstractRemoteTestNG.java:115)
at org.testng.remote.RemoteTestNG.initAndRun(RemoteTestNG.java:251)
at org.testng.remote.RemoteTestNG.main(RemoteTestNG.java:77)
]]>
            </full-stacktrace>
          </exception> <!-- org.openqa.selenium.NoSuchElementException -->
          <reporter-output>
          </reporter-output>
        </test-method> <!-- approverecomendation -->
        <test-method signature="logout3()[pri:0, instance:tests.ApproverecomendationTest@3646a422]" started-at="2023-01-11T11:05:44 EET" name="logout3" finished-at="2023-01-11T11:05:44 EET" depends-on-methods="tests.ApproverecomendationTest.approverecomendation" duration-ms="0" status="SKIP">
          <exception class="java.lang.Throwable">
            <message>
              <![CDATA[Method tests.ApproverecomendationTest.logout3() on instance tests.ApproverecomendationTest@3646a422 depends on not successfully finished methods 
[tests.ApproverecomendationTest.approverecomendation() on instance tests.ApproverecomendationTest@3646a422]]]>
            </message>
            <full-stacktrace>
              <![CDATA[java.lang.Throwable: Method tests.ApproverecomendationTest.logout3() on instance tests.ApproverecomendationTest@3646a422 depends on not successfully finished methods 
[tests.ApproverecomendationTest.approverecomendation() on instance tests.ApproverecomendationTest@3646a422]
at org.testng.internal.invokers.TestInvoker.invokeTestMethods(TestInvoker.java:150)
at org.testng.internal.invokers.TestMethodWorker.invokeTestMethods(TestMethodWorker.java:148)
at org.testng.internal.invokers.TestMethodWorker.run(TestMethodWorker.java:128)
at java.base/java.util.ArrayList.forEach(ArrayList.java:1511)
at org.testng.TestRunner.privateRun(TestRunner.java:806)
at org.testng.TestRunner.run(TestRunner.java:601)
at org.testng.SuiteRunner.runTest(SuiteRunner.java:433)
at org.testng.SuiteRunner.runSequentially(SuiteRunner.java:427)
at org.testng.SuiteRunner.privateRun(SuiteRunner.java:387)
at org.testng.SuiteRunner.run(SuiteRunner.java:330)
at org.testng.SuiteRunnerWorker.runSuite(SuiteRunnerWorker.java:52)
at org.testng.SuiteRunnerWorker.run(SuiteRunnerWorker.java:95)
at org.testng.TestNG.runSuitesSequentially(TestNG.java:1256)
at org.testng.TestNG.runSuitesLocally(TestNG.java:1176)
at org.testng.TestNG.runSuites(TestNG.java:1099)
at org.testng.TestNG.run(TestNG.java:1067)
at org.testng.remote.AbstractRemoteTestNG.run(AbstractRemoteTestNG.java:115)
at org.testng.remote.RemoteTestNG.initAndRun(RemoteTestNG.java:251)
at org.testng.remote.RemoteTestNG.main(RemoteTestNG.java:77)
]]>
            </full-stacktrace>
          </exception> <!-- java.lang.Throwable -->
          <reporter-output>
          </reporter-output>
        </test-method> <!-- logout3 -->
      </class> <!-- tests.ApproverecomendationTest -->
    </test> <!-- Test -->
  </suite> <!-- Suite -->
</testng-results>
